{"meta": {"format": 3, "version": "7.13.5", "timestamp": "2026-04-26T06:07:25.998957", "branch_coverage": false, "show_contexts": false}, "files": {"src/kanon_cli/__init__.py": {"executed_lines": [3], "summary": {"covered_lines": 1, "num_statements": 1, "percent_covered": 100.0, "percent_covered_display": "100", "missing_lines": 0, "excluded_lines": 0, "percent_statements_covered": 100.0, "percent_statements_covered_display": "100"}, "missing_lines": [], "excluded_lines": [], "functions": {"": {"executed_lines": [3], "summary": {"covered_lines": 1, "num_statements": 1, "percent_covered": 100.0, "percent_covered_display": "100", "missing_lines": 0, "excluded_lines": 0, "percent_statements_covered": 100.0, "percent_statements_covered_display": "100"}, "missing_lines": [], "excluded_lines": [], "start_line": 1}}, "classes": {"": {"executed_lines": [3], "summary": {"covered_lines": 1, "num_statements": 1, "percent_covered": 100.0, "percent_covered_display": "100", "missing_lines": 0, "excluded_lines": 0, "percent_statements_covered": 100.0, "percent_statements_covered_display": "100"}, "missing_lines": [], "excluded_lines": [], "start_line": 1}}}, "src/kanon_cli/__main__.py": {"executed_lines": [], "summary": {"covered_lines": 0, "num_statements": 2, "percent_covered": 0.0, "percent_covered_display": "0", "missing_lines": 2, "excluded_lines": 0, "percent_statements_covered": 0.0, "percent_statements_covered_display": "0"}, "missing_lines": [3, 5], "excluded_lines": [], "functions": {"": {"executed_lines": [], "summary": {"covered_lines": 0, "num_statements": 2, "percent_covered": 0.0, "percent_covered_display": "0", "missing_lines": 2, "excluded_lines": 0, "percent_statements_covered": 0.0, "percent_statements_covered_display": "0"}, "missing_lines": [3, 5], "excluded_lines": [], "start_line": 1}}, "classes": {"": {"executed_lines": [], "summary": {"covered_lines": 0, "num_statements": 2, "percent_covered": 0.0, "percent_covered_display": "0", "missing_lines": 2, "excluded_lines": 0, "percent_statements_covered": 0.0, "percent_statements_covered_display": "0"}, "missing_lines": [3, 5], "excluded_lines": [], "start_line": 1}}}, "src/kanon_cli/cli.py": {"executed_lines": [13, 14, 15, 16, 17, 18, 20, 21, 22, 23, 24, 25, 28, 44, 45, 47, 50, 56, 72, 78, 84, 85, 86, 87, 88, 90, 93, 109, 110, 112, 113, 115, 116, 117, 119], "summary": {"covered_lines": 35, "num_statements": 35, "percent_covered": 100.0, "percent_covered_display": "100", "missing_lines": 0, "excluded_lines": 0, "percent_statements_covered": 100.0, "percent_statements_covered_display": "100"}, "missing_lines": [], "excluded_lines": [], "functions": {"_make_signal_handler": {"executed_lines": [44, 47], "summary": {"covered_lines": 2, "num_statements": 2, "percent_covered": 100.0, "percent_covered_display": "100", "missing_lines": 0, "excluded_lines": 0, "percent_statements_covered": 100.0, "percent_statements_covered_display": "100"}, "missing_lines": [], "excluded_lines": [], "start_line": 28}, "_make_signal_handler._handler": {"executed_lines": [45], "summary": {"covered_lines": 1, "num_statements": 1, "percent_covered": 100.0, "percent_covered_display": "100", "missing_lines": 0, "excluded_lines": 0, "percent_statements_covered": 100.0, "percent_statements_covered_display": "100"}, "missing_lines": [], "excluded_lines": [], "start_line": 44}, "build_parser": {"executed_lines": [56, 72, 78, 84, 85, 86, 87, 88, 90], "summary": {"covered_lines": 9, "num_statements": 9, "percent_covered": 100.0, "percent_covered_display": "100", "missing_lines": 0, "excluded_lines": 0, "percent_statements_covered": 100.0, "percent_statements_covered_display": "100"}, "missing_lines": [], "excluded_lines": [], "start_line": 50}, "main": {"executed_lines": [109, 110, 112, 113, 115, 116, 117, 119], "summary": {"covered_lines": 8, "num_statements": 8, "percent_covered": 100.0, "percent_covered_display": "100", "missing_lines": 0, "excluded_lines": 0, "percent_statements_covered": 100.0, "percent_statements_covered_display": "100"}, "missing_lines": [], "excluded_lines": [], "start_line": 93}, "": {"executed_lines": [13, 14, 15, 16, 17, 18, 20, 21, 22, 23, 24, 25, 28, 50, 93], "summary": {"covered_lines": 15, "num_statements": 15, "percent_covered": 100.0, "percent_covered_display": "100", "missing_lines": 0, "excluded_lines": 0, "percent_statements_covered": 100.0, "percent_statements_covered_display": "100"}, "missing_lines": [], "excluded_lines": [], "start_line": 1}}, "classes": {"": {"executed_lines": [13, 14, 15, 16, 17, 18, 20, 21, 22, 23, 24, 25, 28, 44, 45, 47, 50, 56, 72, 78, 84, 85, 86, 87, 88, 90, 93, 109, 110, 112, 113, 115, 116, 117, 119], "summary": {"covered_lines": 35, "num_statements": 35, "percent_covered": 100.0, "percent_covered_display": "100", "missing_lines": 0, "excluded_lines": 0, "percent_statements_covered": 100.0, "percent_statements_covered_display": "100"}, "missing_lines": [], "excluded_lines": [], "start_line": 1}}}, "src/kanon_cli/commands/__init__.py": {"executed_lines": [], "summary": {"covered_lines": 0, "num_statements": 0, "percent_covered": 100.0, "percent_covered_display": "100", "missing_lines": 0, "excluded_lines": 0, "percent_statements_covered": 100.0, "percent_statements_covered_display": "100"}, "missing_lines": [], "excluded_lines": [], "functions": {"": {"executed_lines": [], "summary": {"covered_lines": 0, "num_statements": 0, "percent_covered": 100.0, "percent_covered_display": "100", "missing_lines": 0, "excluded_lines": 0, "percent_statements_covered": 100.0, "percent_statements_covered_display": "100"}, "missing_lines": [], "excluded_lines": [], "start_line": 1}}, "classes": {"": {"executed_lines": [], "summary": {"covered_lines": 0, "num_statements": 0, "percent_covered": 100.0, "percent_covered_display": "100", "missing_lines": 0, "excluded_lines": 0, "percent_statements_covered": 100.0, "percent_statements_covered_display": "100"}, "missing_lines": [], "excluded_lines": [], "start_line": 1}}}, "src/kanon_cli/commands/bootstrap.py": {"executed_lines": [9, 10, 11, 13, 14, 17, 23, 34, 38, 44, 53, 56, 62, 64, 71, 72, 73, 74, 75], "summary": {"covered_lines": 19, "num_statements": 24, "percent_covered": 79.16666666666667, "percent_covered_display": "79", "missing_lines": 5, "excluded_lines": 0, "percent_statements_covered": 79.16666666666667, "percent_statements_covered_display": "79"}, "missing_lines": [65, 66, 67, 68, 69], "excluded_lines": [], "functions": {"register": {"executed_lines": [23, 34, 38, 44, 53], "summary": {"covered_lines": 5, "num_statements": 5, "percent_covered": 100.0, "percent_covered_display": "100", "missing_lines": 0, "excluded_lines": 0, "percent_statements_covered": 100.0, "percent_statements_covered_display": "100"}, "missing_lines": [], "excluded_lines": [], "start_line": 17}, "_run": {"executed_lines": [62, 64, 71, 72, 73, 74, 75], "summary": {"covered_lines": 7, "num_statements": 12, "percent_covered": 58.333333333333336, "percent_covered_display": "58", "missing_lines": 5, "excluded_lines": 0, "percent_statements_covered": 58.333333333333336, "percent_statements_covered_display": "58"}, "missing_lines": [65, 66, 67, 68, 69], "excluded_lines": [], "start_line": 56}, "": {"executed_lines": [9, 10, 11, 13, 14, 17, 56], "summary": {"covered_lines": 7, "num_statements": 7, "percent_covered": 100.0, "percent_covered_display": "100", "missing_lines": 0, "excluded_lines": 0, "percent_statements_covered": 100.0, "percent_statements_covered_display": "100"}, "missing_lines": [], "excluded_lines": [], "start_line": 1}}, "classes": {"": {"executed_lines": [9, 10, 11, 13, 14, 17, 23, 34, 38, 44, 53, 56, 62, 64, 71, 72, 73, 74, 75], "summary": {"covered_lines": 19, "num_statements": 24, "percent_covered": 79.16666666666667, "percent_covered_display": "79", "missing_lines": 5, "excluded_lines": 0, "percent_statements_covered": 79.16666666666667, "percent_statements_covered_display": "79"}, "missing_lines": [65, 66, 67, 68, 69], "excluded_lines": [], "start_line": 1}}}, "src/kanon_cli/commands/clean.py": {"executed_lines": [3, 4, 6, 7, 10, 16, 28, 35, 38, 44, 45, 46, 47, 48, 49, 50, 57, 58, 59, 60, 62, 63, 64, 65, 66], "summary": {"covered_lines": 25, "num_statements": 25, "percent_covered": 100.0, "percent_covered_display": "100", "missing_lines": 0, "excluded_lines": 0, "percent_statements_covered": 100.0, "percent_statements_covered_display": "100"}, "missing_lines": [], "excluded_lines": [], "functions": {"register": {"executed_lines": [16, 28, 35], "summary": {"covered_lines": 3, "num_statements": 3, "percent_covered": 100.0, "percent_covered_display": "100", "missing_lines": 0, "excluded_lines": 0, "percent_statements_covered": 100.0, "percent_statements_covered_display": "100"}, "missing_lines": [], "excluded_lines": [], "start_line": 10}, "_run": {"executed_lines": [44, 45, 46, 47, 48, 49, 50, 57, 58, 59, 60, 62, 63, 64, 65, 66], "summary": {"covered_lines": 16, "num_statements": 16, "percent_covered": 100.0, "percent_covered_display": "100", "missing_lines": 0, "excluded_lines": 0, "percent_statements_covered": 100.0, "percent_statements_covered_display": "100"}, "missing_lines": [], "excluded_lines": [], "start_line": 38}, "": {"executed_lines": [3, 4, 6, 7, 10, 38], "summary": {"covered_lines": 6, "num_statements": 6, "percent_covered": 100.0, "percent_covered_display": "100", "missing_lines": 0, "excluded_lines": 0, "percent_statements_covered": 100.0, "percent_statements_covered_display": "100"}, "missing_lines": [], "excluded_lines": [], "start_line": 1}}, "classes": {"": {"executed_lines": [3, 4, 6, 7, 10, 16, 28, 35, 38, 44, 45, 46, 47, 48, 49, 50, 57, 58, 59, 60, 62, 63, 64, 65, 66], "summary": {"covered_lines": 25, "num_statements": 25, "percent_covered": 100.0, "percent_covered_display": "100", "missing_lines": 0, "excluded_lines": 0, "percent_statements_covered": 100.0, "percent_statements_covered_display": "100"}, "missing_lines": [], "excluded_lines": [], "start_line": 1}}}, "src/kanon_cli/commands/install.py": {"executed_lines": [7, 8, 9, 10, 12, 13, 14, 17, 18, 22, 28, 42, 43, 45, 46, 48, 49, 50, 51, 56, 59, 65, 77, 84, 87, 102, 104, 106, 107, 108, 109, 110, 111, 112, 119, 120, 121, 122, 124, 125, 126, 127, 128, 130, 131, 132, 133, 134], "summary": {"covered_lines": 48, "num_statements": 48, "percent_covered": 100.0, "percent_covered_display": "100", "missing_lines": 0, "excluded_lines": 0, "percent_statements_covered": 100.0, "percent_statements_covered_display": "100"}, "missing_lines": [], "excluded_lines": [], "functions": {"_warn_if_legacy_env_vars_set": {"executed_lines": [42, 43, 45, 46, 48, 49, 50, 51, 56], "summary": {"covered_lines": 9, "num_statements": 9, "percent_covered": 100.0, "percent_covered_display": "100", "missing_lines": 0, "excluded_lines": 0, "percent_statements_covered": 100.0, "percent_statements_covered_display": "100"}, "missing_lines": [], "excluded_lines": [], "start_line": 28}, "register": {"executed_lines": [65, 77, 84], "summary": {"covered_lines": 3, "num_statements": 3, "percent_covered": 100.0, "percent_covered_display": "100", "missing_lines": 0, "excluded_lines": 0, "percent_statements_covered": 100.0, "percent_statements_covered_display": "100"}, "missing_lines": [], "excluded_lines": [], "start_line": 59}, "_run": {"executed_lines": [102, 104, 106, 107, 108, 109, 110, 111, 112, 119, 120, 121, 122, 124, 125, 126, 127, 128, 130, 131, 132, 133, 134], "summary": {"covered_lines": 23, "num_statements": 23, "percent_covered": 100.0, "percent_covered_display": "100", "missing_lines": 0, "excluded_lines": 0, "percent_statements_covered": 100.0, "percent_statements_covered_display": "100"}, "missing_lines": [], "excluded_lines": [], "start_line": 87}, "": {"executed_lines": [7, 8, 9, 10, 12, 13, 14, 17, 18, 22, 28, 59, 87], "summary": {"covered_lines": 13, "num_statements": 13, "percent_covered": 100.0, "percent_covered_display": "100", "missing_lines": 0, "excluded_lines": 0, "percent_statements_covered": 100.0, "percent_statements_covered_display": "100"}, "missing_lines": [], "excluded_lines": [], "start_line": 1}}, "classes": {"": {"executed_lines": [7, 8, 9, 10, 12, 13, 14, 17, 18, 22, 28, 42, 43, 45, 46, 48, 49, 50, 51, 56, 59, 65, 77, 84, 87, 102, 104, 106, 107, 108, 109, 110, 111, 112, 119, 120, 121, 122, 124, 125, 126, 127, 128, 130, 131, 132, 133, 134], "summary": {"covered_lines": 48, "num_statements": 48, "percent_covered": 100.0, "percent_covered_display": "100", "missing_lines": 0, "excluded_lines": 0, "percent_statements_covered": 100.0, "percent_statements_covered_display": "100"}, "missing_lines": [], "excluded_lines": [], "start_line": 1}}}, "src/kanon_cli/commands/repo.py": {"executed_lines": [8, 9, 10, 12, 13, 16, 25, 41, 42, 51, 56, 59, 70, 71, 72, 73, 74, 75], "summary": {"covered_lines": 18, "num_statements": 18, "percent_covered": 100.0, "percent_covered_display": "100", "missing_lines": 0, "excluded_lines": 0, "percent_statements_covered": 100.0, "percent_statements_covered_display": "100"}, "missing_lines": [], "excluded_lines": [], "functions": {"register": {"executed_lines": [25, 41, 42, 51, 56], "summary": {"covered_lines": 5, "num_statements": 5, "percent_covered": 100.0, "percent_covered_display": "100", "missing_lines": 0, "excluded_lines": 0, "percent_statements_covered": 100.0, "percent_statements_covered_display": "100"}, "missing_lines": [], "excluded_lines": [], "start_line": 16}, "_run": {"executed_lines": [70, 71, 72, 73, 74, 75], "summary": {"covered_lines": 6, "num_statements": 6, "percent_covered": 100.0, "percent_covered_display": "100", "missing_lines": 0, "excluded_lines": 0, "percent_statements_covered": 100.0, "percent_statements_covered_display": "100"}, "missing_lines": [], "excluded_lines": [], "start_line": 59}, "": {"executed_lines": [8, 9, 10, 12, 13, 16, 59], "summary": {"covered_lines": 7, "num_statements": 7, "percent_covered": 100.0, "percent_covered_display": "100", "missing_lines": 0, "excluded_lines": 0, "percent_statements_covered": 100.0, "percent_statements_covered_display": "100"}, "missing_lines": [], "excluded_lines": [], "start_line": 1}}, "classes": {"": {"executed_lines": [8, 9, 10, 12, 13, 16, 25, 41, 42, 51, 56, 59, 70, 71, 72, 73, 74, 75], "summary": {"covered_lines": 18, "num_statements": 18, "percent_covered": 100.0, "percent_covered_display": "100", "missing_lines": 0, "excluded_lines": 0, "percent_statements_covered": 100.0, "percent_statements_covered_display": "100"}, "missing_lines": [], "excluded_lines": [], "start_line": 1}}}, "src/kanon_cli/commands/validate.py": {"executed_lines": [3, 4, 5, 7, 8, 11, 17, 23, 30, 41, 47, 50, 61, 67, 69, 70, 73, 75, 76, 80, 83, 102, 103, 104, 105, 106, 107, 109, 115, 116, 120, 122, 125, 131, 132, 133, 136, 142, 143, 144], "summary": {"covered_lines": 40, "num_statements": 40, "percent_covered": 100.0, "percent_covered_display": "100", "missing_lines": 0, "excluded_lines": 0, "percent_statements_covered": 100.0, "percent_statements_covered_display": "100"}, "missing_lines": [], "excluded_lines": [], "functions": {"register": {"executed_lines": [17, 23, 30, 41, 47, 50, 61, 67, 69, 70], "summary": {"covered_lines": 10, "num_statements": 10, "percent_covered": 100.0, "percent_covered_display": "100", "missing_lines": 0, "excluded_lines": 0, "percent_statements_covered": 100.0, "percent_statements_covered_display": "100"}, "missing_lines": [], "excluded_lines": [], "start_line": 11}, "_run_validate_help": {"executed_lines": [75, 76, 80], "summary": {"covered_lines": 3, "num_statements": 3, "percent_covered": 100.0, "percent_covered_display": "100", "missing_lines": 0, "excluded_lines": 0, "percent_statements_covered": 100.0, "percent_statements_covered_display": "100"}, "missing_lines": [], "excluded_lines": [], "start_line": 73}, "_resolve_repo_root": {"executed_lines": [102, 103, 104, 105, 106, 107, 109, 115, 116, 120, 122], "summary": {"covered_lines": 11, "num_statements": 11, "percent_covered": 100.0, "percent_covered_display": "100", "missing_lines": 0, "excluded_lines": 0, "percent_statements_covered": 100.0, "percent_statements_covered_display": "100"}, "missing_lines": [], "excluded_lines": [], "start_line": 83}, "_run_xml": {"executed_lines": [131, 132, 133], "summary": {"covered_lines": 3, "num_statements": 3, "percent_covered": 100.0, "percent_covered_display": "100", "missing_lines": 0, "excluded_lines": 0, "percent_statements_covered": 100.0, "percent_statements_covered_display": "100"}, "missing_lines": [], "excluded_lines": [], "start_line": 125}, "_run_marketplace": {"executed_lines": [142, 143, 144], "summary": {"covered_lines": 3, "num_statements": 3, "percent_covered": 100.0, "percent_covered_display": "100", "missing_lines": 0, "excluded_lines": 0, "percent_statements_covered": 100.0, "percent_statements_covered_display": "100"}, "missing_lines": [], "excluded_lines": [], "start_line": 136}, "": {"executed_lines": [3, 4, 5, 7, 8, 11, 73, 83, 125, 136], "summary": {"covered_lines": 10, "num_statements": 10, "percent_covered": 100.0, "percent_covered_display": "100", "missing_lines": 0, "excluded_lines": 0, "percent_statements_covered": 100.0, "percent_statements_covered_display": "100"}, "missing_lines": [], "excluded_lines": [], "start_line": 1}}, "classes": {"": {"executed_lines": [3, 4, 5, 7, 8, 11, 17, 23, 30, 41, 47, 50, 61, 67, 69, 70, 73, 75, 76, 80, 83, 102, 103, 104, 105, 106, 107, 109, 115, 116, 120, 122, 125, 131, 132, 133, 136, 142, 143, 144], "summary": {"covered_lines": 40, "num_statements": 40, "percent_covered": 100.0, "percent_covered_display": "100", "missing_lines": 0, "excluded_lines": 0, "percent_statements_covered": 100.0, "percent_statements_covered_display": "100"}, "missing_lines": [], "excluded_lines": [], "start_line": 1}}}, "src/kanon_cli/constants.py": {"executed_lines": [7, 10, 11, 12, 13, 14, 17, 20, 21, 22, 23, 24, 25, 28, 31, 34, 37, 38, 41, 44, 45, 46, 47, 50, 54], "summary": {"covered_lines": 25, "num_statements": 25, "percent_covered": 100.0, "percent_covered_display": "100", "missing_lines": 0, "excluded_lines": 0, "percent_statements_covered": 100.0, "percent_statements_covered_display": "100"}, "missing_lines": [], "excluded_lines": [], "functions": {"": {"executed_lines": [7, 10, 11, 12, 13, 14, 17, 20, 21, 22, 23, 24, 25, 28, 31, 34, 37, 38, 41, 44, 45, 46, 47, 50, 54], "summary": {"covered_lines": 25, "num_statements": 25, "percent_covered": 100.0, "percent_covered_display": "100", "missing_lines": 0, "excluded_lines": 0, "percent_statements_covered": 100.0, "percent_statements_covered_display": "100"}, "missing_lines": [], "excluded_lines": [], "start_line": 1}}, "classes": {"": {"executed_lines": [7, 10, 11, 12, 13, 14, 17, 20, 21, 22, 23, 24, 25, 28, 31, 34, 37, 38, 41, 44, 45, 46, 47, 50, 54], "summary": {"covered_lines": 25, "num_statements": 25, "percent_covered": 100.0, "percent_covered_display": "100", "missing_lines": 0, "excluded_lines": 0, "percent_statements_covered": 100.0, "percent_statements_covered_display": "100"}, "missing_lines": [], "excluded_lines": [], "start_line": 1}}}, "src/kanon_cli/core/__init__.py": {"executed_lines": [], "summary": {"covered_lines": 0, "num_statements": 0, "percent_covered": 100.0, "percent_covered_display": "100", "missing_lines": 0, "excluded_lines": 0, "percent_statements_covered": 100.0, "percent_statements_covered_display": "100"}, "missing_lines": [], "excluded_lines": [], "functions": {"": {"executed_lines": [], "summary": {"covered_lines": 0, "num_statements": 0, "percent_covered": 100.0, "percent_covered_display": "100", "missing_lines": 0, "excluded_lines": 0, "percent_statements_covered": 100.0, "percent_statements_covered_display": "100"}, "missing_lines": [], "excluded_lines": [], "start_line": 1}}, "classes": {"": {"executed_lines": [], "summary": {"covered_lines": 0, "num_statements": 0, "percent_covered": 100.0, "percent_covered_display": "100", "missing_lines": 0, "excluded_lines": 0, "percent_statements_covered": 100.0, "percent_statements_covered_display": "100"}, "missing_lines": [], "excluded_lines": [], "start_line": 1}}}, "src/kanon_cli/core/bootstrap.py": {"executed_lines": [8, 9, 12, 16, 25, 28, 45, 47, 48, 49, 51, 53, 55, 56, 57, 59, 60, 61, 62, 64, 65, 66, 68, 71, 81, 82, 83, 84, 89, 101, 102, 103, 104, 106, 108, 109, 110], "summary": {"covered_lines": 37, "num_statements": 37, "percent_covered": 100.0, "percent_covered_display": "100", "missing_lines": 0, "excluded_lines": 0, "percent_statements_covered": 100.0, "percent_statements_covered_display": "100"}, "missing_lines": [], "excluded_lines": [], "functions": {"list_packages": {"executed_lines": [25], "summary": {"covered_lines": 1, "num_statements": 1, "percent_covered": 100.0, "percent_covered_display": "100", "missing_lines": 0, "excluded_lines": 0, "percent_statements_covered": 100.0, "percent_statements_covered_display": "100"}, "missing_lines": [], "excluded_lines": [], "start_line": 16}, "bootstrap_package": {"executed_lines": [45, 47, 48, 49, 51, 53, 55, 56, 57, 59, 60, 61, 62, 64, 65, 66, 68], "summary": {"covered_lines": 17, "num_statements": 17, "percent_covered": 100.0, "percent_covered_display": "100", "missing_lines": 0, "excluded_lines": 0, "percent_statements_covered": 100.0, "percent_statements_covered_display": "100"}, "missing_lines": [], "excluded_lines": [], "start_line": 28}, "_check_no_conflicts": {"executed_lines": [81, 82, 83, 84], "summary": {"covered_lines": 4, "num_statements": 4, "percent_covered": 100.0, "percent_covered_display": "100", "missing_lines": 0, "excluded_lines": 0, "percent_statements_covered": 100.0, "percent_statements_covered_display": "100"}, "missing_lines": [], "excluded_lines": [], "start_line": 71}, "_print_next_steps": {"executed_lines": [101, 102, 103, 104, 106, 108, 109, 110], "summary": {"covered_lines": 8, "num_statements": 8, "percent_covered": 100.0, "percent_covered_display": "100", "missing_lines": 0, "excluded_lines": 0, "percent_statements_covered": 100.0, "percent_statements_covered_display": "100"}, "missing_lines": [], "excluded_lines": [], "start_line": 89}, "": {"executed_lines": [8, 9, 12, 16, 28, 71, 89], "summary": {"covered_lines": 7, "num_statements": 7, "percent_covered": 100.0, "percent_covered_display": "100", "missing_lines": 0, "excluded_lines": 0, "percent_statements_covered": 100.0, "percent_statements_covered_display": "100"}, "missing_lines": [], "excluded_lines": [], "start_line": 1}}, "classes": {"BootstrapOutputDirError": {"executed_lines": [], "summary": {"covered_lines": 0, "num_statements": 0, "percent_covered": 100.0, "percent_covered_display": "100", "missing_lines": 0, "excluded_lines": 0, "percent_statements_covered": 100.0, "percent_statements_covered_display": "100"}, "missing_lines": [], "excluded_lines": [], "start_line": 12}, "": {"executed_lines": [8, 9, 12, 16, 25, 28, 45, 47, 48, 49, 51, 53, 55, 56, 57, 59, 60, 61, 62, 64, 65, 66, 68, 71, 81, 82, 83, 84, 89, 101, 102, 103, 104, 106, 108, 109, 110], "summary": {"covered_lines": 37, "num_statements": 37, "percent_covered": 100.0, "percent_covered_display": "100", "missing_lines": 0, "excluded_lines": 0, "percent_statements_covered": 100.0, "percent_statements_covered_display": "100"}, "missing_lines": [], "excluded_lines": [], "start_line": 1}}}, "src/kanon_cli/core/catalog.py": {"executed_lines": [12, 13, 14, 15, 16, 18, 19, 22, 35, 37, 38, 40, 43, 49, 52, 67, 68, 69, 73, 75, 76, 78, 79, 83, 85, 86, 87, 89, 92, 105, 107, 108, 109, 110, 111, 113, 115, 121, 122, 126, 128, 129, 130, 134, 136], "summary": {"covered_lines": 45, "num_statements": 45, "percent_covered": 100.0, "percent_covered_display": "100", "missing_lines": 0, "excluded_lines": 0, "percent_statements_covered": 100.0, "percent_statements_covered_display": "100"}, "missing_lines": [], "excluded_lines": [], "functions": {"resolve_catalog_dir": {"executed_lines": [35, 37, 38, 40], "summary": {"covered_lines": 4, "num_statements": 4, "percent_covered": 100.0, "percent_covered_display": "100", "missing_lines": 0, "excluded_lines": 0, "percent_statements_covered": 100.0, "percent_statements_covered_display": "100"}, "missing_lines": [], "excluded_lines": [], "start_line": 22}, "_get_bundled_catalog_dir": {"executed_lines": [49], "summary": {"covered_lines": 1, "num_statements": 1, "percent_covered": 100.0, "percent_covered_display": "100", "missing_lines": 0, "excluded_lines": 0, "percent_statements_covered": 100.0, "percent_statements_covered_display": "100"}, "missing_lines": [], "excluded_lines": [], "start_line": 43}, "_parse_catalog_source": {"executed_lines": [67, 68, 69, 73, 75, 76, 78, 79, 83, 85, 86, 87, 89], "summary": {"covered_lines": 13, "num_statements": 13, "percent_covered": 100.0, "percent_covered_display": "100", "missing_lines": 0, "excluded_lines": 0, "percent_statements_covered": 100.0, "percent_statements_covered_display": "100"}, "missing_lines": [], "excluded_lines": [], "start_line": 52}, "_clone_remote_catalog": {"executed_lines": [105, 107, 108, 109, 110, 111, 113, 115, 121, 122, 126, 128, 129, 130, 134, 136], "summary": {"covered_lines": 16, "num_statements": 16, "percent_covered": 100.0, "percent_covered_display": "100", "missing_lines": 0, "excluded_lines": 0, "percent_statements_covered": 100.0, "percent_statements_covered_display": "100"}, "missing_lines": [], "excluded_lines": [], "start_line": 92}, "": {"executed_lines": [12, 13, 14, 15, 16, 18, 19, 22, 43, 52, 92], "summary": {"covered_lines": 11, "num_statements": 11, "percent_covered": 100.0, "percent_covered_display": "100", "missing_lines": 0, "excluded_lines": 0, "percent_statements_covered": 100.0, "percent_statements_covered_display": "100"}, "missing_lines": [], "excluded_lines": [], "start_line": 1}}, "classes": {"": {"executed_lines": [12, 13, 14, 15, 16, 18, 19, 22, 35, 37, 38, 40, 43, 49, 52, 67, 68, 69, 73, 75, 76, 78, 79, 83, 85, 86, 87, 89, 92, 105, 107, 108, 109, 110, 111, 113, 115, 121, 122, 126, 128, 129, 130, 134, 136], "summary": {"covered_lines": 45, "num_statements": 45, "percent_covered": 100.0, "percent_covered_display": "100", "missing_lines": 0, "excluded_lines": 0, "percent_statements_covered": 100.0, "percent_statements_covered_display": "100"}, "missing_lines": [], "excluded_lines": [], "start_line": 1}}}, "src/kanon_cli/core/clean.py": {"executed_lines": [13, 14, 15, 17, 18, 21, 27, 28, 31, 37, 40, 46, 49, 55, 59, 60, 61, 62, 69, 86, 87, 88, 89, 90, 91, 93, 95, 96, 100, 102, 103, 105, 106, 107, 108, 109, 110, 112, 113, 114, 115, 116], "summary": {"covered_lines": 42, "num_statements": 47, "percent_covered": 89.36170212765957, "percent_covered_display": "89", "missing_lines": 5, "excluded_lines": 0, "percent_statements_covered": 89.36170212765957, "percent_statements_covered_display": "89"}, "missing_lines": [56, 57, 64, 65, 66], "excluded_lines": [], "functions": {"remove_marketplace_dir": {"executed_lines": [27, 28], "summary": {"covered_lines": 2, "num_statements": 2, "percent_covered": 100.0, "percent_covered_display": "100", "missing_lines": 0, "excluded_lines": 0, "percent_statements_covered": 100.0, "percent_statements_covered_display": "100"}, "missing_lines": [], "excluded_lines": [], "start_line": 21}, "remove_packages_dir": {"executed_lines": [37], "summary": {"covered_lines": 1, "num_statements": 1, "percent_covered": 100.0, "percent_covered_display": "100", "missing_lines": 0, "excluded_lines": 0, "percent_statements_covered": 100.0, "percent_statements_covered_display": "100"}, "missing_lines": [], "excluded_lines": [], "start_line": 31}, "remove_kanon_dir": {"executed_lines": [46], "summary": {"covered_lines": 1, "num_statements": 1, "percent_covered": 100.0, "percent_covered_display": "100", "missing_lines": 0, "excluded_lines": 0, "percent_statements_covered": 100.0, "percent_statements_covered_display": "100"}, "missing_lines": [], "excluded_lines": [], "start_line": 40}, "_print_remove_summary": {"executed_lines": [55, 59, 60, 61, 62], "summary": {"covered_lines": 5, "num_statements": 10, "percent_covered": 50.0, "percent_covered_display": "50", "missing_lines": 5, "excluded_lines": 0, "percent_statements_covered": 50.0, "percent_statements_covered_display": "50"}, "missing_lines": [56, 57, 64, 65, 66], "excluded_lines": [], "start_line": 49}, "clean": {"executed_lines": [86, 87, 88, 89, 90, 91, 93, 95, 96, 100, 102, 103, 105, 106, 107, 108, 109, 110, 112, 113, 114, 115, 116], "summary": {"covered_lines": 23, "num_statements": 23, "percent_covered": 100.0, "percent_covered_display": "100", "missing_lines": 0, "excluded_lines": 0, "percent_statements_covered": 100.0, "percent_statements_covered_display": "100"}, "missing_lines": [], "excluded_lines": [], "start_line": 69}, "": {"executed_lines": [13, 14, 15, 17, 18, 21, 31, 40, 49, 69], "summary": {"covered_lines": 10, "num_statements": 10, "percent_covered": 100.0, "percent_covered_display": "100", "missing_lines": 0, "excluded_lines": 0, "percent_statements_covered": 100.0, "percent_statements_covered_display": "100"}, "missing_lines": [], "excluded_lines": [], "start_line": 1}}, "classes": {"": {"executed_lines": [13, 14, 15, 17, 18, 21, 27, 28, 31, 37, 40, 46, 49, 55, 59, 60, 61, 62, 69, 86, 87, 88, 89, 90, 91, 93, 95, 96, 100, 102, 103, 105, 106, 107, 108, 109, 110, 112, 113, 114, 115, 116], "summary": {"covered_lines": 42, "num_statements": 47, "percent_covered": 89.36170212765957, "percent_covered_display": "89", "missing_lines": 5, "excluded_lines": 0, "percent_statements_covered": 89.36170212765957, "percent_statements_covered_display": "89"}, "missing_lines": [56, 57, 64, 65, 66], "excluded_lines": [], "start_line": 1}}}, "src/kanon_cli/core/discover.py": {"executed_lines": [8, 10, 13, 27, 29, 30, 31, 32, 34, 35, 36, 37, 39, 44], "summary": {"covered_lines": 14, "num_statements": 14, "percent_covered": 100.0, "percent_covered_display": "100", "missing_lines": 0, "excluded_lines": 0, "percent_statements_covered": 100.0, "percent_statements_covered_display": "100"}, "missing_lines": [], "excluded_lines": [], "functions": {"find_kanonenv": {"executed_lines": [27, 29, 30, 31, 32, 34, 35, 36, 37, 39, 44], "summary": {"covered_lines": 11, "num_statements": 11, "percent_covered": 100.0, "percent_covered_display": "100", "missing_lines": 0, "excluded_lines": 0, "percent_statements_covered": 100.0, "percent_statements_covered_display": "100"}, "missing_lines": [], "excluded_lines": [], "start_line": 13}, "": {"executed_lines": [8, 10, 13], "summary": {"covered_lines": 3, "num_statements": 3, "percent_covered": 100.0, "percent_covered_display": "100", "missing_lines": 0, "excluded_lines": 0, "percent_statements_covered": 100.0, "percent_statements_covered_display": "100"}, "missing_lines": [], "excluded_lines": [], "start_line": 1}}, "classes": {"": {"executed_lines": [8, 10, 13, 27, 29, 30, 31, 32, 34, 35, 36, 37, 39, 44], "summary": {"covered_lines": 14, "num_statements": 14, "percent_covered": 100.0, "percent_covered_display": "100", "missing_lines": 0, "excluded_lines": 0, "percent_statements_covered": 100.0, "percent_statements_covered_display": "100"}, "missing_lines": [], "excluded_lines": [], "start_line": 1}}}, "src/kanon_cli/core/install.py": {"executed_lines": [14, 15, 16, 18, 19, 20, 21, 22, 25, 42, 43, 44, 45, 46, 47, 48, 49, 50, 53, 72, 75, 88, 91, 100, 103, 123, 124, 126, 128, 129, 130, 131, 132, 133, 134, 135, 138, 139, 140, 142, 144, 147, 161, 162, 164, 165, 166, 168, 169, 171, 172, 173, 174, 175, 176, 179, 188, 189, 190, 191, 193, 196, 206, 207, 208, 226, 241, 242, 243, 244, 245, 246, 247, 249, 251, 252, 254, 255, 256, 257, 259, 261, 262, 263, 264, 265, 267, 269, 270, 271, 272, 273, 274, 275, 282, 283, 284, 285, 287, 288, 289, 291, 293, 294, 295, 296, 298, 301, 335, 336, 337, 338, 339, 342, 343, 344, 345], "summary": {"covered_lines": 117, "num_statements": 132, "percent_covered": 88.63636363636364, "percent_covered_display": "89", "missing_lines": 15, "excluded_lines": 0, "percent_statements_covered": 88.63636363636364, "percent_statements_covered_display": "89"}, "missing_lines": [141, 211, 212, 213, 215, 216, 217, 218, 219, 220, 221, 222, 223, 340, 341], "excluded_lines": [], "functions": {"create_source_dirs": {"executed_lines": [42, 43, 44, 45, 46, 47, 48, 49, 50], "summary": {"covered_lines": 9, "num_statements": 9, "percent_covered": 100.0, "percent_covered_display": "100", "missing_lines": 0, "excluded_lines": 0, "percent_statements_covered": 100.0, "percent_statements_covered_display": "100"}, "missing_lines": [], "excluded_lines": [], "start_line": 25}, "run_repo_init": {"executed_lines": [72], "summary": {"covered_lines": 1, "num_statements": 1, "percent_covered": 100.0, "percent_covered_display": "100", "missing_lines": 0, "excluded_lines": 0, "percent_statements_covered": 100.0, "percent_statements_covered_display": "100"}, "missing_lines": [], "excluded_lines": [], "start_line": 53}, "run_repo_envsubst": {"executed_lines": [88], "summary": {"covered_lines": 1, "num_statements": 1, "percent_covered": 100.0, "percent_covered_display": "100", "missing_lines": 0, "excluded_lines": 0, "percent_statements_covered": 100.0, "percent_statements_covered_display": "100"}, "missing_lines": [], "excluded_lines": [], "start_line": 75}, "run_repo_sync": {"executed_lines": [100], "summary": {"covered_lines": 1, "num_statements": 1, "percent_covered": 100.0, "percent_covered_display": "100", "missing_lines": 0, "excluded_lines": 0, "percent_statements_covered": 100.0, "percent_statements_covered_display": "100"}, "missing_lines": [], "excluded_lines": [], "start_line": 91}, "aggregate_symlinks": {"executed_lines": [123, 124, 126, 128, 129, 130, 131, 132, 133, 134, 135, 138, 139, 140, 142, 144], "summary": {"covered_lines": 16, "num_statements": 17, "percent_covered": 94.11764705882354, "percent_covered_display": "94", "missing_lines": 1, "excluded_lines": 0, "percent_statements_covered": 94.11764705882354, "percent_statements_covered_display": "94"}, "missing_lines": [141], "excluded_lines": [], "start_line": 103}, "update_gitignore": {"executed_lines": [161, 162, 164, 165, 166, 168, 169, 171, 172, 173, 174, 175, 176], "summary": {"covered_lines": 13, "num_statements": 13, "percent_covered": 100.0, "percent_covered_display": "100", "missing_lines": 0, "excluded_lines": 0, "percent_statements_covered": 100.0, "percent_statements_covered_display": "100"}, "missing_lines": [], "excluded_lines": [], "start_line": 147}, "prepare_marketplace_dir": {"executed_lines": [188, 189, 190, 191, 193], "summary": {"covered_lines": 5, "num_statements": 5, "percent_covered": 100.0, "percent_covered_display": "100", "missing_lines": 0, "excluded_lines": 0, "percent_statements_covered": 100.0, "percent_statements_covered_display": "100"}, "missing_lines": [], "excluded_lines": [], "start_line": 179}, "_print_package_summary": {"executed_lines": [206, 207, 208], "summary": {"covered_lines": 3, "num_statements": 15, "percent_covered": 20.0, "percent_covered_display": "20", "missing_lines": 12, "excluded_lines": 0, "percent_statements_covered": 20.0, "percent_statements_covered_display": "20"}, "missing_lines": [211, 212, 213, 215, 216, 217, 218, 219, 220, 221, 222, 223], "excluded_lines": [], "start_line": 196}, "_run_install": {"executed_lines": [241, 242, 243, 244, 245, 246, 247, 249, 251, 252, 254, 255, 256, 257, 259, 261, 262, 263, 264, 265, 267, 269, 270, 271, 272, 273, 274, 275, 282, 283, 284, 285, 287, 288, 289, 291, 293, 294, 295, 296, 298], "summary": {"covered_lines": 41, "num_statements": 41, "percent_covered": 100.0, "percent_covered_display": "100", "missing_lines": 0, "excluded_lines": 0, "percent_statements_covered": 100.0, "percent_statements_covered_display": "100"}, "missing_lines": [], "excluded_lines": [], "start_line": 226}, "install": {"executed_lines": [335, 336, 337, 338, 339, 342, 343, 344, 345], "summary": {"covered_lines": 9, "num_statements": 11, "percent_covered": 81.81818181818181, "percent_covered_display": "82", "missing_lines": 2, "excluded_lines": 0, "percent_statements_covered": 81.81818181818181, "percent_statements_covered_display": "82"}, "missing_lines": [340, 341], "excluded_lines": [], "start_line": 301}, "": {"executed_lines": [14, 15, 16, 18, 19, 20, 21, 22, 25, 53, 75, 91, 103, 147, 179, 196, 226, 301], "summary": {"covered_lines": 18, "num_statements": 18, "percent_covered": 100.0, "percent_covered_display": "100", "missing_lines": 0, "excluded_lines": 0, "percent_statements_covered": 100.0, "percent_statements_covered_display": "100"}, "missing_lines": [], "excluded_lines": [], "start_line": 1}}, "classes": {"": {"executed_lines": [14, 15, 16, 18, 19, 20, 21, 22, 25, 42, 43, 44, 45, 46, 47, 48, 49, 50, 53, 72, 75, 88, 91, 100, 103, 123, 124, 126, 128, 129, 130, 131, 132, 133, 134, 135, 138, 139, 140, 142, 144, 147, 161, 162, 164, 165, 166, 168, 169, 171, 172, 173, 174, 175, 176, 179, 188, 189, 190, 191, 193, 196, 206, 207, 208, 226, 241, 242, 243, 244, 245, 246, 247, 249, 251, 252, 254, 255, 256, 257, 259, 261, 262, 263, 264, 265, 267, 269, 270, 271, 272, 273, 274, 275, 282, 283, 284, 285, 287, 288, 289, 291, 293, 294, 295, 296, 298, 301, 335, 336, 337, 338, 339, 342, 343, 344, 345], "summary": {"covered_lines": 117, "num_statements": 132, "percent_covered": 88.63636363636364, "percent_covered_display": "89", "missing_lines": 15, "excluded_lines": 0, "percent_statements_covered": 88.63636363636364, "percent_statements_covered_display": "89"}, "missing_lines": [141, 211, 212, 213, 215, 216, 217, 218, 219, 220, 221, 222, 223, 340, 341], "excluded_lines": [], "start_line": 1}}}, "src/kanon_cli/core/kanonenv.py": {"executed_lines": [30, 31, 32, 33, 35, 46, 49, 52, 88, 89, 90, 92, 93, 95, 96, 97, 98, 100, 103, 116, 117, 121, 124, 137, 138, 139, 140, 141, 142, 143, 144, 145, 149, 152, 165, 166, 167, 168, 172, 175, 188, 189, 190, 191, 192, 193, 195, 196, 197, 198, 199, 200, 201, 204, 213, 214, 215, 216, 217, 219, 220, 222, 225, 238, 239, 240, 241, 244, 257, 258, 259, 260, 261, 262, 263, 265, 268, 291, 292, 293, 294, 295, 296, 298, 299, 300, 301, 302, 303, 304, 305, 307, 308, 309, 310, 312, 313, 318, 320, 323, 342, 343, 348, 350, 351, 352, 353, 355, 363, 384, 385, 386, 387, 388, 389, 392, 408, 409, 410, 411, 412, 413, 414, 415, 416, 417, 420, 434, 435, 436, 437, 439, 440, 442, 445, 454], "summary": {"covered_lines": 136, "num_statements": 138, "percent_covered": 98.55072463768116, "percent_covered_display": "99", "missing_lines": 2, "excluded_lines": 0, "percent_statements_covered": 98.55072463768116, "percent_statements_covered_display": "99"}, "missing_lines": [194, 221], "excluded_lines": [], "functions": {"parse_kanonenv": {"executed_lines": [88, 89, 90, 92, 93, 95, 96, 97, 98, 100], "summary": {"covered_lines": 10, "num_statements": 10, "percent_covered": 100.0, "percent_covered_display": "100", "missing_lines": 0, "excluded_lines": 0, "percent_statements_covered": 100.0, "percent_statements_covered_display": "100"}, "missing_lines": [], "excluded_lines": [], "start_line": 52}, "_check_no_symlink": {"executed_lines": [116, 117, 121], "summary": {"covered_lines": 3, "num_statements": 3, "percent_covered": 100.0, "percent_covered_display": "100", "missing_lines": 0, "excluded_lines": 0, "percent_statements_covered": 100.0, "percent_statements_covered_display": "100"}, "missing_lines": [], "excluded_lines": [], "start_line": 103}, "_check_permissions": {"executed_lines": [137, 138, 139, 140, 141, 142, 143, 144, 145, 149], "summary": {"covered_lines": 10, "num_statements": 10, "percent_covered": 100.0, "percent_covered_display": "100", "missing_lines": 0, "excluded_lines": 0, "percent_statements_covered": 100.0, "percent_statements_covered_display": "100"}, "missing_lines": [], "excluded_lines": [], "start_line": 124}, "_check_no_path_traversal": {"executed_lines": [165, 166, 167, 168, 172], "summary": {"covered_lines": 5, "num_statements": 5, "percent_covered": 100.0, "percent_covered_display": "100", "missing_lines": 0, "excluded_lines": 0, "percent_statements_covered": 100.0, "percent_statements_covered_display": "100"}, "missing_lines": [], "excluded_lines": [], "start_line": 152}, "_read_key_value_pairs": {"executed_lines": [188, 189, 190, 191, 192, 193, 195, 196, 197, 198, 199, 200, 201], "summary": {"covered_lines": 13, "num_statements": 14, "percent_covered": 92.85714285714286, "percent_covered_display": "93", "missing_lines": 1, "excluded_lines": 0, "percent_statements_covered": 92.85714285714286, "percent_statements_covered_display": "93"}, "missing_lines": [194], "excluded_lines": [], "start_line": 175}, "_apply_env_overrides": {"executed_lines": [213, 214, 215, 216, 217, 219, 220, 222], "summary": {"covered_lines": 8, "num_statements": 9, "percent_covered": 88.88888888888889, "percent_covered_display": "89", "missing_lines": 1, "excluded_lines": 0, "percent_statements_covered": 88.88888888888889, "percent_statements_covered_display": "89"}, "missing_lines": [221], "excluded_lines": [], "start_line": 204}, "_expand_shell_variables": {"executed_lines": [238, 239, 240, 241], "summary": {"covered_lines": 4, "num_statements": 4, "percent_covered": 100.0, "percent_covered_display": "100", "missing_lines": 0, "excluded_lines": 0, "percent_statements_covered": 100.0, "percent_statements_covered_display": "100"}, "missing_lines": [], "excluded_lines": [], "start_line": 225}, "_expand_value": {"executed_lines": [257, 265], "summary": {"covered_lines": 2, "num_statements": 2, "percent_covered": 100.0, "percent_covered_display": "100", "missing_lines": 0, "excluded_lines": 0, "percent_statements_covered": 100.0, "percent_statements_covered_display": "100"}, "missing_lines": [], "excluded_lines": [], "start_line": 244}, "_expand_value._replace": {"executed_lines": [258, 259, 260, 261, 262, 263], "summary": {"covered_lines": 6, "num_statements": 6, "percent_covered": 100.0, "percent_covered_display": "100", "missing_lines": 0, "excluded_lines": 0, "percent_statements_covered": 100.0, "percent_statements_covered_display": "100"}, "missing_lines": [], "excluded_lines": [], "start_line": 257}, "_discover_source_names": {"executed_lines": [291, 292, 293, 294, 295, 296, 298, 299, 300, 301, 302, 303, 304, 305, 307, 308, 309, 310, 312, 313, 318, 320], "summary": {"covered_lines": 22, "num_statements": 22, "percent_covered": 100.0, "percent_covered_display": "100", "missing_lines": 0, "excluded_lines": 0, "percent_statements_covered": 100.0, "percent_statements_covered_display": "100"}, "missing_lines": [], "excluded_lines": [], "start_line": 268}, "_build_result": {"executed_lines": [342, 343, 348, 350, 351, 352, 353, 355], "summary": {"covered_lines": 8, "num_statements": 8, "percent_covered": 100.0, "percent_covered_display": "100", "missing_lines": 0, "excluded_lines": 0, "percent_statements_covered": 100.0, "percent_statements_covered_display": "100"}, "missing_lines": [], "excluded_lines": [], "start_line": 323}, "validate_sources": {"executed_lines": [384, 385, 386, 387, 388, 389], "summary": {"covered_lines": 6, "num_statements": 6, "percent_covered": 100.0, "percent_covered_display": "100", "missing_lines": 0, "excluded_lines": 0, "percent_statements_covered": 100.0, "percent_statements_covered_display": "100"}, "missing_lines": [], "excluded_lines": [], "start_line": 363}, "_extract_sources": {"executed_lines": [408, 409, 410, 411, 412, 413, 414, 415, 416, 417], "summary": {"covered_lines": 10, "num_statements": 10, "percent_covered": 100.0, "percent_covered_display": "100", "missing_lines": 0, "excluded_lines": 0, "percent_statements_covered": 100.0, "percent_statements_covered_display": "100"}, "missing_lines": [], "excluded_lines": [], "start_line": 392}, "_extract_globals": {"executed_lines": [434, 435, 436, 437, 439, 440, 442], "summary": {"covered_lines": 7, "num_statements": 7, "percent_covered": 100.0, "percent_covered_display": "100", "missing_lines": 0, "excluded_lines": 0, "percent_statements_covered": 100.0, "percent_statements_covered_display": "100"}, "missing_lines": [], "excluded_lines": [], "start_line": 420}, "_parse_bool": {"executed_lines": [454], "summary": {"covered_lines": 1, "num_statements": 1, "percent_covered": 100.0, "percent_covered_display": "100", "missing_lines": 0, "excluded_lines": 0, "percent_statements_covered": 100.0, "percent_statements_covered_display": "100"}, "missing_lines": [], "excluded_lines": [], "start_line": 445}, "": {"executed_lines": [30, 31, 32, 33, 35, 46, 49, 52, 103, 124, 152, 175, 204, 225, 244, 268, 323, 363, 392, 420, 445], "summary": {"covered_lines": 21, "num_statements": 21, "percent_covered": 100.0, "percent_covered_display": "100", "missing_lines": 0, "excluded_lines": 0, "percent_statements_covered": 100.0, "percent_statements_covered_display": "100"}, "missing_lines": [], "excluded_lines": [], "start_line": 1}}, "classes": {"": {"executed_lines": [30, 31, 32, 33, 35, 46, 49, 52, 88, 89, 90, 92, 93, 95, 96, 97, 98, 100, 103, 116, 117, 121, 124, 137, 138, 139, 140, 141, 142, 143, 144, 145, 149, 152, 165, 166, 167, 168, 172, 175, 188, 189, 190, 191, 192, 193, 195, 196, 197, 198, 199, 200, 201, 204, 213, 214, 215, 216, 217, 219, 220, 222, 225, 238, 239, 240, 241, 244, 257, 258, 259, 260, 261, 262, 263, 265, 268, 291, 292, 293, 294, 295, 296, 298, 299, 300, 301, 302, 303, 304, 305, 307, 308, 309, 310, 312, 313, 318, 320, 323, 342, 343, 348, 350, 351, 352, 353, 355, 363, 384, 385, 386, 387, 388, 389, 392, 408, 409, 410, 411, 412, 413, 414, 415, 416, 417, 420, 434, 435, 436, 437, 439, 440, 442, 445, 454], "summary": {"covered_lines": 136, "num_statements": 138, "percent_covered": 98.55072463768116, "percent_covered_display": "99", "missing_lines": 2, "excluded_lines": 0, "percent_statements_covered": 98.55072463768116, "percent_statements_covered_display": "99"}, "missing_lines": [194, 221], "excluded_lines": [], "start_line": 1}}}, "src/kanon_cli/core/marketplace.py": {"executed_lines": [8, 9, 10, 11, 12, 13, 16, 27, 28, 29, 33, 34, 37, 52, 65, 66, 67, 68, 69, 70, 74, 75, 76, 77, 80, 94, 95, 96, 97, 100, 115, 116, 117, 119, 120, 121, 122, 123, 124, 125, 128, 141, 142, 143, 144, 145, 149, 150, 151, 155, 156, 159, 171, 172, 173, 179, 180, 184, 186, 187, 191, 192, 195, 208, 209, 210, 211, 217, 218, 222, 224, 225, 229, 230, 233, 246, 247, 248, 249, 255, 256, 260, 262, 263, 264, 265, 266, 267, 271, 272, 275, 287, 288, 289, 295, 296, 300, 302, 303, 304, 305, 306, 307, 311, 312, 315, 327, 329, 330, 334, 336, 337, 341, 342, 343, 344, 346, 347, 348, 350, 351, 352, 354, 356, 357, 358, 359, 360, 364, 369, 370, 374, 377, 389, 391, 392, 396, 398, 399, 403, 404, 405, 407, 408, 409, 411, 412, 413, 414, 415, 417, 419, 420, 423, 428, 429, 433], "summary": {"covered_lines": 157, "num_statements": 168, "percent_covered": 93.45238095238095, "percent_covered_display": "93", "missing_lines": 11, "excluded_lines": 0, "percent_statements_covered": 93.45238095238095, "percent_statements_covered_display": "93"}, "missing_lines": [46, 47, 48, 49, 118, 338, 339, 362, 400, 401, 421], "excluded_lines": [], "functions": {"locate_claude_binary": {"executed_lines": [27, 28, 29, 33, 34], "summary": {"covered_lines": 5, "num_statements": 5, "percent_covered": 100.0, "percent_covered_display": "100", "missing_lines": 0, "excluded_lines": 0, "percent_statements_covered": 100.0, "percent_statements_covered_display": "100"}, "missing_lines": [], "excluded_lines": [], "start_line": 16}, "get_marketplace_dir": {"executed_lines": [], "summary": {"covered_lines": 0, "num_statements": 4, "percent_covered": 0.0, "percent_covered_display": "0", "missing_lines": 4, "excluded_lines": 0, "percent_statements_covered": 0.0, "percent_statements_covered_display": "0"}, "missing_lines": [46, 47, 48, 49], "excluded_lines": [], "start_line": 37}, "discover_marketplace_entries": {"executed_lines": [65, 66, 67, 68, 69, 70, 74, 75, 76, 77], "summary": {"covered_lines": 10, "num_statements": 10, "percent_covered": 100.0, "percent_covered_display": "100", "missing_lines": 0, "excluded_lines": 0, "percent_statements_covered": 100.0, "percent_statements_covered_display": "100"}, "missing_lines": [], "excluded_lines": [], "start_line": 52}, "read_marketplace_name": {"executed_lines": [94, 95, 96, 97], "summary": {"covered_lines": 4, "num_statements": 4, "percent_covered": 100.0, "percent_covered_display": "100", "missing_lines": 0, "excluded_lines": 0, "percent_statements_covered": 100.0, "percent_statements_covered_display": "100"}, "missing_lines": [], "excluded_lines": [], "start_line": 80}, "discover_plugins": {"executed_lines": [115, 116, 117, 119, 120, 121, 122, 123, 124, 125], "summary": {"covered_lines": 10, "num_statements": 11, "percent_covered": 90.9090909090909, "percent_covered_display": "91", "missing_lines": 1, "excluded_lines": 0, "percent_statements_covered": 90.9090909090909, "percent_statements_covered_display": "91"}, "missing_lines": [118], "excluded_lines": [], "start_line": 100}, "_get_timeout": {"executed_lines": [141, 142, 143, 144, 145, 149, 150, 151, 155, 156], "summary": {"covered_lines": 10, "num_statements": 10, "percent_covered": 100.0, "percent_covered_display": "100", "missing_lines": 0, "excluded_lines": 0, "percent_statements_covered": 100.0, "percent_statements_covered_display": "100"}, "missing_lines": [], "excluded_lines": [], "start_line": 128}, "register_marketplace": {"executed_lines": [171, 172, 173, 179, 180, 184, 186, 187, 191, 192], "summary": {"covered_lines": 10, "num_statements": 10, "percent_covered": 100.0, "percent_covered_display": "100", "missing_lines": 0, "excluded_lines": 0, "percent_statements_covered": 100.0, "percent_statements_covered_display": "100"}, "missing_lines": [], "excluded_lines": [], "start_line": 159}, "install_plugin": {"executed_lines": [208, 209, 210, 211, 217, 218, 222, 224, 225, 229, 230], "summary": {"covered_lines": 11, "num_statements": 11, "percent_covered": 100.0, "percent_covered_display": "100", "missing_lines": 0, "excluded_lines": 0, "percent_statements_covered": 100.0, "percent_statements_covered_display": "100"}, "missing_lines": [], "excluded_lines": [], "start_line": 195}, "uninstall_plugin": {"executed_lines": [246, 247, 248, 249, 255, 256, 260, 262, 263, 264, 265, 266, 267, 271, 272], "summary": {"covered_lines": 15, "num_statements": 15, "percent_covered": 100.0, "percent_covered_display": "100", "missing_lines": 0, "excluded_lines": 0, "percent_statements_covered": 100.0, "percent_statements_covered_display": "100"}, "missing_lines": [], "excluded_lines": [], "start_line": 233}, "remove_marketplace": {"executed_lines": [287, 288, 289, 295, 296, 300, 302, 303, 304, 305, 306, 307, 311, 312], "summary": {"covered_lines": 14, "num_statements": 14, "percent_covered": 100.0, "percent_covered_display": "100", "missing_lines": 0, "excluded_lines": 0, "percent_statements_covered": 100.0, "percent_statements_covered_display": "100"}, "missing_lines": [], "excluded_lines": [], "start_line": 275}, "install_marketplace_plugins": {"executed_lines": [327, 329, 330, 334, 336, 337, 341, 342, 343, 344, 346, 347, 348, 350, 351, 352, 354, 356, 357, 358, 359, 360, 364, 369, 370, 374], "summary": {"covered_lines": 26, "num_statements": 29, "percent_covered": 89.65517241379311, "percent_covered_display": "90", "missing_lines": 3, "excluded_lines": 0, "percent_statements_covered": 89.65517241379311, "percent_statements_covered_display": "90"}, "missing_lines": [338, 339, 362], "excluded_lines": [], "start_line": 315}, "uninstall_marketplace_plugins": {"executed_lines": [389, 391, 392, 396, 398, 399, 403, 404, 405, 407, 408, 409, 411, 412, 413, 414, 415, 417, 419, 420, 423, 428, 429, 433], "summary": {"covered_lines": 24, "num_statements": 27, "percent_covered": 88.88888888888889, "percent_covered_display": "89", "missing_lines": 3, "excluded_lines": 0, "percent_statements_covered": 88.88888888888889, "percent_statements_covered_display": "89"}, "missing_lines": [400, 401, 421], "excluded_lines": [], "start_line": 377}, "": {"executed_lines": [8, 9, 10, 11, 12, 13, 16, 37, 52, 80, 100, 128, 159, 195, 233, 275, 315, 377], "summary": {"covered_lines": 18, "num_statements": 18, "percent_covered": 100.0, "percent_covered_display": "100", "missing_lines": 0, "excluded_lines": 0, "percent_statements_covered": 100.0, "percent_statements_covered_display": "100"}, "missing_lines": [], "excluded_lines": [], "start_line": 1}}, "classes": {"": {"executed_lines": [8, 9, 10, 11, 12, 13, 16, 27, 28, 29, 33, 34, 37, 52, 65, 66, 67, 68, 69, 70, 74, 75, 76, 77, 80, 94, 95, 96, 97, 100, 115, 116, 117, 119, 120, 121, 122, 123, 124, 125, 128, 141, 142, 143, 144, 145, 149, 150, 151, 155, 156, 159, 171, 172, 173, 179, 180, 184, 186, 187, 191, 192, 195, 208, 209, 210, 211, 217, 218, 222, 224, 225, 229, 230, 233, 246, 247, 248, 249, 255, 256, 260, 262, 263, 264, 265, 266, 267, 271, 272, 275, 287, 288, 289, 295, 296, 300, 302, 303, 304, 305, 306, 307, 311, 312, 315, 327, 329, 330, 334, 336, 337, 341, 342, 343, 344, 346, 347, 348, 350, 351, 352, 354, 356, 357, 358, 359, 360, 364, 369, 370, 374, 377, 389, 391, 392, 396, 398, 399, 403, 404, 405, 407, 408, 409, 411, 412, 413, 414, 415, 417, 419, 420, 423, 428, 429, 433], "summary": {"covered_lines": 157, "num_statements": 168, "percent_covered": 93.45238095238095, "percent_covered_display": "93", "missing_lines": 11, "excluded_lines": 0, "percent_statements_covered": 93.45238095238095, "percent_statements_covered_display": "93"}, "missing_lines": [46, 47, 48, 49, 118, 338, 339, 362, 400, 401, 421], "excluded_lines": [], "start_line": 1}}}, "src/kanon_cli/core/marketplace_validator.py": {"executed_lines": [11, 12, 13, 15, 24, 38, 39, 40, 42, 43, 44, 45, 46, 47, 53, 56, 74, 75, 77, 78, 79, 80, 81, 83, 84, 85, 86, 87, 88, 90, 91, 92, 93, 94, 95, 96, 97, 99, 101, 102, 105, 118, 119, 121, 122, 123, 124, 125, 126, 127, 128, 129, 131, 132, 133, 134, 136, 139, 150, 151, 152, 153, 154, 155, 157, 158, 159, 162, 169, 172, 186, 188, 189, 190, 191, 192, 193, 194, 195, 202, 205, 218, 220, 221, 225, 227, 228, 229, 230, 231, 232, 234, 235, 237, 238, 242, 243, 244, 246, 247], "summary": {"covered_lines": 100, "num_statements": 106, "percent_covered": 94.33962264150944, "percent_covered_display": "94", "missing_lines": 6, "excluded_lines": 0, "percent_statements_covered": 94.33962264150944, "percent_statements_covered_display": "94"}, "missing_lines": [163, 164, 165, 166, 167, 168], "excluded_lines": [], "functions": {"validate_linkfile_dest": {"executed_lines": [38, 39, 40, 42, 43, 44, 45, 46, 47, 53], "summary": {"covered_lines": 10, "num_statements": 10, "percent_covered": 100.0, "percent_covered_display": "100", "missing_lines": 0, "excluded_lines": 0, "percent_statements_covered": 100.0, "percent_statements_covered_display": "100"}, "missing_lines": [], "excluded_lines": [], "start_line": 24}, "validate_include_chain": {"executed_lines": [74, 75, 77, 101, 102], "summary": {"covered_lines": 5, "num_statements": 5, "percent_covered": 100.0, "percent_covered_display": "100", "missing_lines": 0, "excluded_lines": 0, "percent_statements_covered": 100.0, "percent_statements_covered_display": "100"}, "missing_lines": [], "excluded_lines": [], "start_line": 56}, "validate_include_chain._walk": {"executed_lines": [78, 79, 80, 81, 83, 84, 85, 86, 87, 88, 90, 91, 92, 93, 94, 95, 96, 97, 99], "summary": {"covered_lines": 19, "num_statements": 19, "percent_covered": 100.0, "percent_covered_display": "100", "missing_lines": 0, "excluded_lines": 0, "percent_statements_covered": 100.0, "percent_statements_covered_display": "100"}, "missing_lines": [], "excluded_lines": [], "start_line": 77}, "validate_name_uniqueness": {"executed_lines": [118, 119, 121, 122, 123, 124, 125, 126, 127, 128, 129, 131, 132, 133, 134, 136], "summary": {"covered_lines": 16, "num_statements": 16, "percent_covered": 100.0, "percent_covered_display": "100", "missing_lines": 0, "excluded_lines": 0, "percent_statements_covered": 100.0, "percent_statements_covered_display": "100"}, "missing_lines": [], "excluded_lines": [], "start_line": 105}, "_is_valid_revision": {"executed_lines": [150, 151, 152, 153, 154, 155, 157, 158, 159, 162, 169], "summary": {"covered_lines": 11, "num_statements": 17, "percent_covered": 64.70588235294117, "percent_covered_display": "65", "missing_lines": 6, "excluded_lines": 0, "percent_statements_covered": 64.70588235294117, "percent_statements_covered_display": "65"}, "missing_lines": [163, 164, 165, 166, 167, 168], "excluded_lines": [], "start_line": 139}, "validate_tag_format": {"executed_lines": [186, 188, 189, 190, 191, 192, 193, 194, 195, 202], "summary": {"covered_lines": 10, "num_statements": 10, "percent_covered": 100.0, "percent_covered_display": "100", "missing_lines": 0, "excluded_lines": 0, "percent_statements_covered": 100.0, "percent_statements_covered_display": "100"}, "missing_lines": [], "excluded_lines": [], "start_line": 172}, "validate_marketplace": {"executed_lines": [218, 220, 221, 225, 227, 228, 229, 230, 231, 232, 234, 235, 237, 238, 242, 243, 244, 246, 247], "summary": {"covered_lines": 19, "num_statements": 19, "percent_covered": 100.0, "percent_covered_display": "100", "missing_lines": 0, "excluded_lines": 0, "percent_statements_covered": 100.0, "percent_statements_covered_display": "100"}, "missing_lines": [], "excluded_lines": [], "start_line": 205}, "": {"executed_lines": [11, 12, 13, 15, 24, 56, 105, 139, 172, 205], "summary": {"covered_lines": 10, "num_statements": 10, "percent_covered": 100.0, "percent_covered_display": "100", "missing_lines": 0, "excluded_lines": 0, "percent_statements_covered": 100.0, "percent_statements_covered_display": "100"}, "missing_lines": [], "excluded_lines": [], "start_line": 1}}, "classes": {"": {"executed_lines": [11, 12, 13, 15, 24, 38, 39, 40, 42, 43, 44, 45, 46, 47, 53, 56, 74, 75, 77, 78, 79, 80, 81, 83, 84, 85, 86, 87, 88, 90, 91, 92, 93, 94, 95, 96, 97, 99, 101, 102, 105, 118, 119, 121, 122, 123, 124, 125, 126, 127, 128, 129, 131, 132, 133, 134, 136, 139, 150, 151, 152, 153, 154, 155, 157, 158, 159, 162, 169, 172, 186, 188, 189, 190, 191, 192, 193, 194, 195, 202, 205, 218, 220, 221, 225, 227, 228, 229, 230, 231, 232, 234, 235, 237, 238, 242, 243, 244, 246, 247], "summary": {"covered_lines": 100, "num_statements": 106, "percent_covered": 94.33962264150944, "percent_covered_display": "94", "missing_lines": 6, "excluded_lines": 0, "percent_statements_covered": 94.33962264150944, "percent_statements_covered_display": "94"}, "missing_lines": [163, 164, 165, 166, 167, 168], "excluded_lines": [], "start_line": 1}}}, "src/kanon_cli/core/xml_validator.py": {"executed_lines": [10, 11, 12, 15, 17, 20, 22, 24, 25, 26, 27, 29, 30, 31, 32, 34, 35, 36, 37, 39, 40, 41, 42, 44, 45, 46, 47, 49, 50, 51, 53, 56, 65, 69, 70, 71, 72, 74, 75, 79, 81, 82, 83, 84, 85, 87, 88, 89, 90, 91, 93, 94], "summary": {"covered_lines": 52, "num_statements": 52, "percent_covered": 100.0, "percent_covered_display": "100", "missing_lines": 0, "excluded_lines": 0, "percent_statements_covered": 100.0, "percent_statements_covered_display": "100"}, "missing_lines": [], "excluded_lines": [], "functions": {"find_xml_files": {"executed_lines": [17], "summary": {"covered_lines": 1, "num_statements": 1, "percent_covered": 100.0, "percent_covered_display": "100", "missing_lines": 0, "excluded_lines": 0, "percent_statements_covered": 100.0, "percent_statements_covered_display": "100"}, "missing_lines": [], "excluded_lines": [], "start_line": 15}, "validate_manifest": {"executed_lines": [22, 24, 25, 26, 27, 29, 30, 31, 32, 34, 35, 36, 37, 39, 40, 41, 42, 44, 45, 46, 47, 49, 50, 51, 53], "summary": {"covered_lines": 25, "num_statements": 25, "percent_covered": 100.0, "percent_covered_display": "100", "missing_lines": 0, "excluded_lines": 0, "percent_statements_covered": 100.0, "percent_statements_covered_display": "100"}, "missing_lines": [], "excluded_lines": [], "start_line": 20}, "validate_xml": {"executed_lines": [65, 69, 70, 71, 72, 74, 75, 79, 81, 82, 83, 84, 85, 87, 88, 89, 90, 91, 93, 94], "summary": {"covered_lines": 20, "num_statements": 20, "percent_covered": 100.0, "percent_covered_display": "100", "missing_lines": 0, "excluded_lines": 0, "percent_statements_covered": 100.0, "percent_statements_covered_display": "100"}, "missing_lines": [], "excluded_lines": [], "start_line": 56}, "": {"executed_lines": [10, 11, 12, 15, 20, 56], "summary": {"covered_lines": 6, "num_statements": 6, "percent_covered": 100.0, "percent_covered_display": "100", "missing_lines": 0, "excluded_lines": 0, "percent_statements_covered": 100.0, "percent_statements_covered_display": "100"}, "missing_lines": [], "excluded_lines": [], "start_line": 1}}, "classes": {"": {"executed_lines": [10, 11, 12, 15, 17, 20, 22, 24, 25, 26, 27, 29, 30, 31, 32, 34, 35, 36, 37, 39, 40, 41, 42, 44, 45, 46, 47, 49, 50, 51, 53, 56, 65, 69, 70, 71, 72, 74, 75, 79, 81, 82, 83, 84, 85, 87, 88, 89, 90, 91, 93, 94], "summary": {"covered_lines": 52, "num_statements": 52, "percent_covered": 100.0, "percent_covered_display": "100", "missing_lines": 0, "excluded_lines": 0, "percent_statements_covered": 100.0, "percent_statements_covered_display": "100"}, "missing_lines": [], "excluded_lines": [], "start_line": 1}}}, "src/kanon_cli/repo/__init__.py": {"executed_lines": [47, 49, 50, 51, 59, 60, 61, 62, 65, 127, 166, 167, 168, 176, 177, 178, 179, 180, 181, 182, 184, 185, 186, 187, 188, 189, 193, 222, 223, 226, 275, 276, 277, 292], "summary": {"covered_lines": 34, "num_statements": 48, "percent_covered": 70.83333333333333, "percent_covered_display": "71", "missing_lines": 14, "excluded_lines": 0, "percent_statements_covered": 70.83333333333333, "percent_statements_covered_display": "71"}, "missing_lines": [104, 105, 116, 117, 119, 120, 121, 122, 124, 190, 285, 286, 287, 289], "excluded_lines": [], "functions": {"__getattr__": {"executed_lines": [60, 61, 62], "summary": {"covered_lines": 3, "num_statements": 3, "percent_covered": 100.0, "percent_covered_display": "100", "missing_lines": 0, "excluded_lines": 0, "percent_statements_covered": 100.0, "percent_statements_covered_display": "100"}, "missing_lines": [], "excluded_lines": [], "start_line": 59}, "repo_init": {"executed_lines": [], "summary": {"covered_lines": 0, "num_statements": 9, "percent_covered": 0.0, "percent_covered_display": "0", "missing_lines": 9, "excluded_lines": 0, "percent_statements_covered": 0.0, "percent_statements_covered_display": "0"}, "missing_lines": [104, 105, 116, 117, 119, 120, 121, 122, 124], "excluded_lines": [], "start_line": 65}, "repo_envsubst": {"executed_lines": [166, 167, 168, 176, 177, 178, 179, 180, 181, 182, 184, 185, 186, 187, 188, 189], "summary": {"covered_lines": 16, "num_statements": 17, "percent_covered": 94.11764705882354, "percent_covered_display": "94", "missing_lines": 1, "excluded_lines": 0, "percent_statements_covered": 94.11764705882354, "percent_statements_covered_display": "94"}, "missing_lines": [190], "excluded_lines": [], "start_line": 127}, "repo_run": {"executed_lines": [222, 223], "summary": {"covered_lines": 2, "num_statements": 2, "percent_covered": 100.0, "percent_covered_display": "100", "missing_lines": 0, "excluded_lines": 0, "percent_statements_covered": 100.0, "percent_statements_covered_display": "100"}, "missing_lines": [], "excluded_lines": [], "start_line": 193}, "repo_sync": {"executed_lines": [275, 276, 277], "summary": {"covered_lines": 3, "num_statements": 7, "percent_covered": 42.857142857142854, "percent_covered_display": "43", "missing_lines": 4, "excluded_lines": 0, "percent_statements_covered": 42.857142857142854, "percent_statements_covered_display": "43"}, "missing_lines": [285, 286, 287, 289], "excluded_lines": [], "start_line": 226}, "": {"executed_lines": [47, 49, 50, 51, 59, 65, 127, 193, 226, 292], "summary": {"covered_lines": 10, "num_statements": 10, "percent_covered": 100.0, "percent_covered_display": "100", "missing_lines": 0, "excluded_lines": 0, "percent_statements_covered": 100.0, "percent_statements_covered_display": "100"}, "missing_lines": [], "excluded_lines": [], "start_line": 1}}, "classes": {"": {"executed_lines": [47, 49, 50, 51, 59, 60, 61, 62, 65, 127, 166, 167, 168, 176, 177, 178, 179, 180, 181, 182, 184, 185, 186, 187, 188, 189, 193, 222, 223, 226, 275, 276, 277, 292], "summary": {"covered_lines": 34, "num_statements": 48, "percent_covered": 70.83333333333333, "percent_covered_display": "71", "missing_lines": 14, "excluded_lines": 0, "percent_statements_covered": 70.83333333333333, "percent_statements_covered_display": "71"}, "missing_lines": [104, 105, 116, 117, 119, 120, 121, 122, 124, 190, 285, 286, 287, 289], "excluded_lines": [], "start_line": 1}}}, "src/kanon_cli/repo/color.py": {"executed_lines": [15, 16, 18, 21, 34, 36, 39, 40, 43, 44, 47, 48, 49, 50, 52, 53, 54, 56, 57, 58, 60, 61, 62, 63, 65, 66, 70, 71, 72, 74, 75, 78, 80, 81, 84, 87, 92, 94, 97, 98, 99, 100, 101, 102, 103, 106, 107, 108, 109, 110, 112, 113, 114, 115, 116, 118, 119, 120, 122, 123, 124, 126, 128, 129, 131, 132, 133, 135, 136, 138, 139, 141, 142, 144, 145, 146, 148, 149, 151, 153, 154, 155, 157, 158, 160, 162, 163, 164, 166, 167, 168, 170, 173, 174, 176, 178, 179, 180, 182, 183, 185, 188, 189, 191, 193, 194, 195, 197, 198, 199, 201, 202, 203, 204, 205, 207, 208, 209, 210, 211, 213, 214, 215, 216, 218], "summary": {"covered_lines": 125, "num_statements": 127, "percent_covered": 98.4251968503937, "percent_covered_display": "98", "missing_lines": 2, "excluded_lines": 0, "percent_statements_covered": 98.4251968503937, "percent_statements_covered_display": "98"}, "missing_lines": [68, 77], "excluded_lines": [], "functions": {"is_color": {"executed_lines": [40], "summary": {"covered_lines": 1, "num_statements": 1, "percent_covered": 100.0, "percent_covered_display": "100", "missing_lines": 0, "excluded_lines": 0, "percent_statements_covered": 100.0, "percent_statements_covered_display": "100"}, "missing_lines": [], "excluded_lines": [], "start_line": 39}, "is_attr": {"executed_lines": [44], "summary": {"covered_lines": 1, "num_statements": 1, "percent_covered": 100.0, "percent_covered_display": "100", "missing_lines": 0, "excluded_lines": 0, "percent_statements_covered": 100.0, "percent_statements_covered_display": "100"}, "missing_lines": [], "excluded_lines": [], "start_line": 43}, "_Color": {"executed_lines": [48, 49, 50, 52, 53, 54, 56, 57, 58, 60, 61, 62, 63, 65, 66, 70, 71, 72, 74, 75, 78, 80, 81], "summary": {"covered_lines": 23, "num_statements": 25, "percent_covered": 92.0, "percent_covered_display": "92", "missing_lines": 2, "excluded_lines": 0, "percent_statements_covered": 92.0, "percent_statements_covered_display": "92"}, "missing_lines": [68, 77], "excluded_lines": [], "start_line": 47}, "SetDefaultColoring": {"executed_lines": [92, 94, 97, 98, 99, 100, 101, 102, 103], "summary": {"covered_lines": 9, "num_statements": 9, "percent_covered": 100.0, "percent_covered_display": "100", "missing_lines": 0, "excluded_lines": 0, "percent_statements_covered": 100.0, "percent_statements_covered_display": "100"}, "missing_lines": [], "excluded_lines": [], "start_line": 87}, "Coloring.__init__": {"executed_lines": [108, 109, 110, 112, 113, 114, 115, 116, 118, 119, 120, 122, 123, 124, 126], "summary": {"covered_lines": 15, "num_statements": 15, "percent_covered": 100.0, "percent_covered_display": "100", "missing_lines": 0, "excluded_lines": 0, "percent_statements_covered": 100.0, "percent_statements_covered_display": "100"}, "missing_lines": [], "excluded_lines": [], "start_line": 107}, "Coloring.redirect": {"executed_lines": [129], "summary": {"covered_lines": 1, "num_statements": 1, "percent_covered": 100.0, "percent_covered_display": "100", "missing_lines": 0, "excluded_lines": 0, "percent_statements_covered": 100.0, "percent_statements_covered_display": "100"}, "missing_lines": [], "excluded_lines": [], "start_line": 128}, "Coloring.is_on": {"executed_lines": [133], "summary": {"covered_lines": 1, "num_statements": 1, "percent_covered": 100.0, "percent_covered_display": "100", "missing_lines": 0, "excluded_lines": 0, "percent_statements_covered": 100.0, "percent_statements_covered_display": "100"}, "missing_lines": [], "excluded_lines": [], "start_line": 132}, "Coloring.write": {"executed_lines": [136], "summary": {"covered_lines": 1, "num_statements": 1, "percent_covered": 100.0, "percent_covered_display": "100", "missing_lines": 0, "excluded_lines": 0, "percent_statements_covered": 100.0, "percent_statements_covered_display": "100"}, "missing_lines": [], "excluded_lines": [], "start_line": 135}, "Coloring.flush": {"executed_lines": [139], "summary": {"covered_lines": 1, "num_statements": 1, "percent_covered": 100.0, "percent_covered_display": "100", "missing_lines": 0, "excluded_lines": 0, "percent_statements_covered": 100.0, "percent_statements_covered_display": "100"}, "missing_lines": [], "excluded_lines": [], "start_line": 138}, "Coloring.nl": {"executed_lines": [142], "summary": {"covered_lines": 1, "num_statements": 1, "percent_covered": 100.0, "percent_covered_display": "100", "missing_lines": 0, "excluded_lines": 0, "percent_statements_covered": 100.0, "percent_statements_covered_display": "100"}, "missing_lines": [], "excluded_lines": [], "start_line": 141}, "Coloring.printer": {"executed_lines": [145, 146, 148, 151], "summary": {"covered_lines": 4, "num_statements": 4, "percent_covered": 100.0, "percent_covered_display": "100", "missing_lines": 0, "excluded_lines": 0, "percent_statements_covered": 100.0, "percent_statements_covered_display": "100"}, "missing_lines": [], "excluded_lines": [], "start_line": 144}, "Coloring.printer.f": {"executed_lines": [149], "summary": {"covered_lines": 1, "num_statements": 1, "percent_covered": 100.0, "percent_covered_display": "100", "missing_lines": 0, "excluded_lines": 0, "percent_statements_covered": 100.0, "percent_statements_covered_display": "100"}, "missing_lines": [], "excluded_lines": [], "start_line": 148}, "Coloring.nofmt_printer": {"executed_lines": [154, 155, 157, 160], "summary": {"covered_lines": 4, "num_statements": 4, "percent_covered": 100.0, "percent_covered_display": "100", "missing_lines": 0, "excluded_lines": 0, "percent_statements_covered": 100.0, "percent_statements_covered_display": "100"}, "missing_lines": [], "excluded_lines": [], "start_line": 153}, "Coloring.nofmt_printer.f": {"executed_lines": [158], "summary": {"covered_lines": 1, "num_statements": 1, "percent_covered": 100.0, "percent_covered_display": "100", "missing_lines": 0, "excluded_lines": 0, "percent_statements_covered": 100.0, "percent_statements_covered_display": "100"}, "missing_lines": [], "excluded_lines": [], "start_line": 157}, "Coloring.colorer": {"executed_lines": [163, 164, 166, 170, 173, 174, 176], "summary": {"covered_lines": 7, "num_statements": 7, "percent_covered": 100.0, "percent_covered_display": "100", "missing_lines": 0, "excluded_lines": 0, "percent_statements_covered": 100.0, "percent_statements_covered_display": "100"}, "missing_lines": [], "excluded_lines": [], "start_line": 162}, "Coloring.colorer.f": {"executed_lines": [167, 168], "summary": {"covered_lines": 2, "num_statements": 2, "percent_covered": 100.0, "percent_covered_display": "100", "missing_lines": 0, "excluded_lines": 0, "percent_statements_covered": 100.0, "percent_statements_covered_display": "100"}, "missing_lines": [], "excluded_lines": [], "start_line": 166}, "Coloring.nofmt_colorer": {"executed_lines": [179, 180, 182, 185, 188, 189, 191], "summary": {"covered_lines": 7, "num_statements": 7, "percent_covered": 100.0, "percent_covered_display": "100", "missing_lines": 0, "excluded_lines": 0, "percent_statements_covered": 100.0, "percent_statements_covered_display": "100"}, "missing_lines": [], "excluded_lines": [], "start_line": 178}, "Coloring.nofmt_colorer.f": {"executed_lines": [183], "summary": {"covered_lines": 1, "num_statements": 1, "percent_covered": 100.0, "percent_covered_display": "100", "missing_lines": 0, "excluded_lines": 0, "percent_statements_covered": 100.0, "percent_statements_covered_display": "100"}, "missing_lines": [], "excluded_lines": [], "start_line": 182}, "Coloring._parse": {"executed_lines": [194, 195, 197, 198, 199, 201, 202, 203, 204, 205, 207, 208, 209, 210, 211, 213, 214, 215, 216, 218], "summary": {"covered_lines": 20, "num_statements": 20, "percent_covered": 100.0, "percent_covered_display": "100", "missing_lines": 0, "excluded_lines": 0, "percent_statements_covered": 100.0, "percent_statements_covered_display": "100"}, "missing_lines": [], "excluded_lines": [], "start_line": 193}, "": {"executed_lines": [15, 16, 18, 21, 34, 36, 39, 43, 47, 84, 87, 106, 107, 128, 131, 132, 135, 138, 141, 144, 153, 162, 178, 193], "summary": {"covered_lines": 24, "num_statements": 24, "percent_covered": 100.0, "percent_covered_display": "100", "missing_lines": 0, "excluded_lines": 0, "percent_statements_covered": 100.0, "percent_statements_covered_display": "100"}, "missing_lines": [], "excluded_lines": [], "start_line": 1}}, "classes": {"Coloring": {"executed_lines": [108, 109, 110, 112, 113, 114, 115, 116, 118, 119, 120, 122, 123, 124, 126, 129, 133, 136, 139, 142, 145, 146, 148, 149, 151, 154, 155, 157, 158, 160, 163, 164, 166, 167, 168, 170, 173, 174, 176, 179, 180, 182, 183, 185, 188, 189, 191, 194, 195, 197, 198, 199, 201, 202, 203, 204, 205, 207, 208, 209, 210, 211, 213, 214, 215, 216, 218], "summary": {"covered_lines": 67, "num_statements": 67, "percent_covered": 100.0, "percent_covered_display": "100", "missing_lines": 0, "excluded_lines": 0, "percent_statements_covered": 100.0, "percent_statements_covered_display": "100"}, "missing_lines": [], "excluded_lines": [], "start_line": 106}, "": {"executed_lines": [15, 16, 18, 21, 34, 36, 39, 40, 43, 44, 47, 48, 49, 50, 52, 53, 54, 56, 57, 58, 60, 61, 62, 63, 65, 66, 70, 71, 72, 74, 75, 78, 80, 81, 84, 87, 92, 94, 97, 98, 99, 100, 101, 102, 103, 106, 107, 128, 131, 132, 135, 138, 141, 144, 153, 162, 178, 193], "summary": {"covered_lines": 58, "num_statements": 60, "percent_covered": 96.66666666666667, "percent_covered_display": "97", "missing_lines": 2, "excluded_lines": 0, "percent_statements_covered": 96.66666666666667, "percent_statements_covered_display": "97"}, "missing_lines": [68, 77], "excluded_lines": [], "start_line": 1}}}, "src/kanon_cli/repo/command.py": {"executed_lines": [15, 16, 17, 18, 19, 21, 22, 23, 24, 25, 29, 38, 43, 46, 50, 57, 62, 66, 72, 75, 77, 78, 79, 80, 82, 91, 92, 93, 94, 95, 96, 99, 101, 102, 104, 107, 109, 111, 116, 117, 119, 120, 121, 123, 125, 126, 127, 128, 129, 130, 131, 132, 133, 134, 135, 136, 137, 139, 145, 146, 147, 154, 162, 163, 164, 167, 168, 176, 177, 183, 189, 195, 203, 206, 222, 224, 226, 227, 229, 231, 232, 233, 236, 238, 248, 250, 252, 253, 254, 261, 262, 263, 264, 266, 268, 269, 270, 271, 272, 274, 275, 316, 318, 319, 321, 326, 327, 333, 334, 336, 337, 339, 340, 342, 343, 344, 345, 346, 347, 348, 349, 350, 351, 352, 353, 354, 355, 356, 357, 359, 360, 361, 362, 363, 365, 389, 394, 395, 396, 397, 399, 400, 401, 403, 404, 405, 406, 407, 408, 409, 410, 411, 413, 415, 419, 425, 426, 427, 428, 433, 438, 439, 440, 441, 442, 443, 444, 446, 447, 449, 450, 452, 453, 454, 455, 456, 458, 460, 461, 463, 464, 466, 477, 478, 479, 480, 481, 482, 483, 484, 485, 486, 487, 489, 490, 491, 492, 494, 500, 501, 502, 503, 504, 505, 508, 513, 514, 517, 522, 523, 526], "summary": {"covered_lines": 211, "num_statements": 217, "percent_covered": 97.23502304147465, "percent_covered_display": "97", "missing_lines": 6, "excluded_lines": 0, "percent_statements_covered": 97.23502304147465, "percent_statements_covered_display": "97"}, "missing_lines": [390, 391, 392, 430, 431, 432], "excluded_lines": [], "functions": {"Command.get_parallel_context": {"executed_lines": [79, 80], "summary": {"covered_lines": 2, "num_statements": 2, "percent_covered": 100.0, "percent_covered_display": "100", "missing_lines": 0, "excluded_lines": 0, "percent_statements_covered": 100.0, "percent_statements_covered_display": "100"}, "missing_lines": [], "excluded_lines": [], "start_line": 78}, "Command.__init__": {"executed_lines": [91, 92, 93, 94, 95, 96, 99], "summary": {"covered_lines": 7, "num_statements": 7, "percent_covered": 100.0, "percent_covered_display": "100", "missing_lines": 0, "excluded_lines": 0, "percent_statements_covered": 100.0, "percent_statements_covered_display": "100"}, "missing_lines": [], "excluded_lines": [], "start_line": 82}, "Command.WantPager": {"executed_lines": [102], "summary": {"covered_lines": 1, "num_statements": 1, "percent_covered": 100.0, "percent_covered_display": "100", "missing_lines": 0, "excluded_lines": 0, "percent_statements_covered": 100.0, "percent_statements_covered_display": "100"}, "missing_lines": [], "excluded_lines": [], "start_line": 101}, "Command.ReadEnvironmentOptions": {"executed_lines": [107, 109, 111, 116, 117, 119, 120, 121, 123], "summary": {"covered_lines": 9, "num_statements": 9, "percent_covered": 100.0, "percent_covered_display": "100", "missing_lines": 0, "excluded_lines": 0, "percent_statements_covered": 100.0, "percent_statements_covered_display": "100"}, "missing_lines": [], "excluded_lines": [], "start_line": 104}, "Command.OptionParser": {"executed_lines": [127, 128, 129, 130, 131, 132, 133, 134, 135, 136, 137], "summary": {"covered_lines": 11, "num_statements": 11, "percent_covered": 100.0, "percent_covered_display": "100", "missing_lines": 0, "excluded_lines": 0, "percent_statements_covered": 100.0, "percent_statements_covered_display": "100"}, "missing_lines": [], "excluded_lines": [], "start_line": 126}, "Command._CommonOptions": {"executed_lines": [145, 146, 147, 154, 162, 163, 164, 167, 168, 176, 177, 183, 189, 195], "summary": {"covered_lines": 14, "num_statements": 14, "percent_covered": 100.0, "percent_covered_display": "100", "missing_lines": 0, "excluded_lines": 0, "percent_statements_covered": 100.0, "percent_statements_covered_display": "100"}, "missing_lines": [], "excluded_lines": [], "start_line": 139}, "Command._Options": {"executed_lines": [], "summary": {"covered_lines": 0, "num_statements": 0, "percent_covered": 100.0, "percent_covered_display": "100", "missing_lines": 0, "excluded_lines": 0, "percent_statements_covered": 100.0, "percent_statements_covered_display": "100"}, "missing_lines": [], "excluded_lines": [], "start_line": 203}, "Command._RegisteredEnvironmentOptions": {"executed_lines": [222], "summary": {"covered_lines": 1, "num_statements": 1, "percent_covered": 100.0, "percent_covered_display": "100", "missing_lines": 0, "excluded_lines": 0, "percent_statements_covered": 100.0, "percent_statements_covered_display": "100"}, "missing_lines": [], "excluded_lines": [], "start_line": 206}, "Command.Usage": {"executed_lines": [226, 227], "summary": {"covered_lines": 2, "num_statements": 2, "percent_covered": 100.0, "percent_covered_display": "100", "missing_lines": 0, "excluded_lines": 0, "percent_statements_covered": 100.0, "percent_statements_covered_display": "100"}, "missing_lines": [], "excluded_lines": [], "start_line": 224}, "Command.CommonValidateOptions": {"executed_lines": [231, 232, 233, 236], "summary": {"covered_lines": 4, "num_statements": 4, "percent_covered": 100.0, "percent_covered_display": "100", "missing_lines": 0, "excluded_lines": 0, "percent_statements_covered": 100.0, "percent_statements_covered_display": "100"}, "missing_lines": [], "excluded_lines": [], "start_line": 229}, "Command.ValidateOptions": {"executed_lines": [], "summary": {"covered_lines": 0, "num_statements": 0, "percent_covered": 100.0, "percent_covered_display": "100", "missing_lines": 0, "excluded_lines": 0, "percent_statements_covered": 100.0, "percent_statements_covered_display": "100"}, "missing_lines": [], "excluded_lines": [], "start_line": 238}, "Command.Execute": {"executed_lines": [250], "summary": {"covered_lines": 1, "num_statements": 1, "percent_covered": 100.0, "percent_covered_display": "100", "missing_lines": 0, "excluded_lines": 0, "percent
[...]
 2477, 2478, 2479, 2485, 2487, 2488, 2489, 2490, 2491, 2492, 2494, 2496, 2497, 2500, 2501, 2503, 2508, 2512, 2518, 2527, 2543, 2544, 2545, 2547, 2554, 2557, 2560, 2563, 2566, 2573, 2579, 2588, 2597, 2612, 2634, 2635, 2639, 2732], "summary": {"covered_lines": 205, "num_statements": 212, "percent_covered": 96.69811320754717, "percent_covered_display": "97", "missing_lines": 7, "excluded_lines": 0, "percent_statements_covered": 96.69811320754717, "percent_statements_covered_display": "97"}, "missing_lines": [39, 40, 48, 50, 51, 2473, 2474], "excluded_lines": [], "start_line": 1}}}, "src/kanon_cli/repo/subcmds/upload.py": {"executed_lines": [15, 16, 17, 18, 19, 20, 22, 23, 24, 25, 26, 27, 28, 29, 30, 31, 32, 33, 36, 37, 40, 44, 56, 57, 61, 62, 63, 64, 65, 68, 69, 70, 73, 74, 75, 77, 78, 79, 80, 82, 85, 86, 87, 88, 91, 92, 93, 94, 95, 98, 99, 100, 101, 104, 205, 207, 208, 215, 219, 227, 233, 241, 247, 255, 261, 269, 275, 282, 288, 296, 303, 310, 317, 326, 336, 344, 351, 357, 363, 370, 372, 373, 374, 375, 377, 378, 380, 381, 383, 384, 385, 387, 388, 396, 405, 406, 408, 409, 410, 411, 413, 414, 415, 416, 419, 420, 422, 424, 425, 426, 428, 429, 430, 431, 432, 433, 435, 436, 437, 438, 439, 440, 441, 443, 444, 445, 446, 456, 457, 458, 460, 461, 462, 464, 466, 467, 469, 470, 472, 473, 474, 475, 476, 477, 478, 479, 481, 482, 483, 484, 485, 486, 487, 488, 489, 490, 491, 492, 495, 496, 498, 500, 506, 507, 509, 510, 511, 512, 514, 515, 516, 517, 519, 520, 521, 522, 524, 525, 527, 528, 529, 531, 533, 534, 538, 539, 540, 541, 542, 543, 545, 547, 548, 549, 550, 551, 552, 555, 556, 557, 558, 559, 560, 563, 564, 565, 566, 569, 570, 572, 573, 575, 577, 578, 580, 581, 582, 583, 584, 585, 590, 591, 596, 597, 598, 599, 602, 603, 604, 605, 606, 607, 608, 609, 611, 627, 629, 630, 631, 632, 633, 634, 635, 636, 637, 638, 639, 640, 642, 643, 645, 646, 647, 648, 649, 651, 652, 661, 663, 664, 665, 674, 675, 677, 678, 679, 685, 686, 687, 693, 694, 695, 697, 698, 700, 701, 702, 703, 704, 706, 707, 709, 710, 712, 713, 714, 715, 716, 717, 718, 726, 727, 728, 730, 731, 732, 739, 740, 741, 743, 747, 749, 750, 751, 752, 755, 758, 764, 765, 766, 769, 770, 771, 773, 774, 775, 777, 778, 780], "summary": {"covered_lines": 319, "num_statements": 319, "percent_covered": 100.0, "percent_covered_display": "100", "missing_lines": 0, "excluded_lines": 0, "percent_statements_covered": 100.0, "percent_statements_covered_display": "100"}, "missing_lines": [], "excluded_lines": [], "functions": {"_VerifyPendingCommits": {"executed_lines": [56, 57, 61, 62, 63, 64, 65, 68, 69, 70, 73, 74, 75, 77, 78, 79, 80, 82], "summary": {"covered_lines": 18, "num_statements": 18, "percent_covered": 100.0, "percent_covered_display": "100", "missing_lines": 0, "excluded_lines": 0, "percent_statements_covered": 100.0, "percent_statements_covered_display": "100"}, "missing_lines": [], "excluded_lines": [], "start_line": 44}, "_die": {"executed_lines": [86, 87, 88], "summary": {"covered_lines": 3, "num_statements": 3, "percent_covered": 100.0, "percent_covered_display": "100", "missing_lines": 0, "excluded_lines": 0, "percent_statements_covered": 100.0, "percent_statements_covered_display": "100"}, "missing_lines": [], "excluded_lines": [], "start_line": 85}, "_SplitEmails": {"executed_lines": [92, 93, 94, 95], "summary": {"covered_lines": 4, "num_statements": 4, "percent_covered": 100.0, "percent_covered_display": "100", "missing_lines": 0, "excluded_lines": 0, "percent_statements_covered": 100.0, "percent_statements_covered_display": "100"}, "missing_lines": [], "excluded_lines": [], "start_line": 91}, "Upload._Options": {"executed_lines": [208, 215, 219, 227, 233, 241, 247, 255, 261, 269, 275, 282, 288, 296, 303, 310, 317, 326, 336, 344, 351, 357, 363, 370], "summary": {"covered_lines": 24, "num_statements": 24, "percent_covered": 100.0, "percent_covered_display": "100", "missing_lines": 0, "excluded_lines": 0, "percent_statements_covered": 100.0, "percent_statements_covered_display": "100"}, "missing_lines": [], "excluded_lines": [], "start_line": 207}, "Upload._SingleBranch": {"executed_lines": [373, 374, 375, 377, 378, 380, 381, 383, 384, 385, 387, 388, 396, 405, 406, 408, 409, 410, 411, 413, 414, 415, 416, 419, 420, 422], "summary": {"covered_lines": 26, "num_statements": 26, "percent_covered": 100.0, "percent_covered_display": "100", "missing_lines": 0, "excluded_lines": 0, "percent_statements_covered": 100.0, "percent_statements_covered_display": "100"}, "missing_lines": [], "excluded_lines": [], "start_line": 372}, "Upload._MultipleBranches": {"executed_lines": [425, 426, 428, 429, 430, 431, 432, 433, 435, 436, 437, 438, 439, 440, 441, 443, 444, 445, 446, 456, 457, 458, 460, 461, 462, 464, 466, 467, 469, 470, 472, 473, 474, 475, 476, 477, 478, 479, 481, 482, 483, 484, 485, 486, 487, 488, 489, 490, 491, 492, 495, 496, 498], "summary": {"covered_lines": 53, "num_statements": 53, "percent_covered": 100.0, "percent_covered_display": "100", "missing_lines": 0, "excluded_lines": 0, "percent_statements_covered": 100.0, "percent_statements_covered_display": "100"}, "missing_lines": [], "excluded_lines": [], "start_line": 424}, "Upload._AppendAutoList": {"executed_lines": [506, 507, 509, 510, 511, 512, 514, 515, 516, 517], "summary": {"covered_lines": 10, "num_statements": 10, "percent_covered": 100.0, "percent_covered_display": "100", "missing_lines": 0, "excluded_lines": 0, "percent_statements_covered": 100.0, "percent_statements_covered_display": "100"}, "missing_lines": [], "excluded_lines": [], "start_line": 500}, "Upload._FindGerritChange": {"executed_lines": [520, 521, 522, 524, 525, 527, 528, 529], "summary": {"covered_lines": 8, "num_statements": 8, "percent_covered": 100.0, "percent_covered_display": "100", "missing_lines": 0, "excluded_lines": 0, "percent_statements_covered": 100.0, "percent_statements_covered_display": "100"}, "missing_lines": [], "excluded_lines": [], "start_line": 519}, "Upload._UploadBranch": {"executed_lines": [533, 534, 538, 539, 540, 541, 542, 543, 545, 555, 556, 557, 558, 559, 560, 563, 564, 565, 566, 569, 570, 572, 573, 575, 577, 578, 580, 581, 582, 583, 584, 585, 590, 591, 596, 597, 598, 599, 602, 603, 604, 605, 606, 607, 608, 609, 611, 627], "summary": {"covered_lines": 48, "num_statements": 48, "percent_covered": 100.0, "percent_covered_display": "100", "missing_lines": 0, "excluded_lines": 0, "percent_statements_covered": 100.0, "percent_statements_covered_display": "100"}, "missing_lines": [], "excluded_lines": [], "start_line": 531}, "Upload._UploadBranch._ExpandCommaList": {"executed_lines": [547, 548, 549, 550, 551, 552], "summary": {"covered_lines": 6, "num_statements": 6, "percent_covered": 100.0, "percent_covered_display": "100", "missing_lines": 0, "excluded_lines": 0, "percent_statements_covered": 100.0, "percent_statements_covered_display": "100"}, "missing_lines": [], "excluded_lines": [], "start_line": 545}, "Upload._UploadAndReport": {"executed_lines": [630, 631, 632, 633, 634, 635, 636, 637, 638, 639, 640, 642, 643, 645, 646, 647, 648, 649, 651, 652, 661, 663, 664, 665, 674, 675], "summary": {"covered_lines": 26, "num_statements": 26, "percent_covered": 100.0, "percent_covered_display": "100", "missing_lines": 0, "excluded_lines": 0, "percent_statements_covered": 100.0, "percent_statements_covered_display": "100"}, "missing_lines": [], "excluded_lines": [], "start_line": 629}, "Upload._GetMergeBranch": {"executed_lines": [678, 679, 685, 686, 687, 693, 694, 695], "summary": {"covered_lines": 8, "num_statements": 8, "percent_covered": 100.0, "percent_covered_display": "100", "missing_lines": 0, "excluded_lines": 0, "percent_statements_covered": 100.0, "percent_statements_covered_display": "100"}, "missing_lines": [], "excluded_lines": [], "start_line": 677}, "Upload._GatherOne": {"executed_lines": [700, 701, 702, 703, 704, 706, 707], "summary": {"covered_lines": 7, "num_statements": 7, "percent_covered": 100.0, "percent_covered_display": "100", "missing_lines": 0, "excluded_lines": 0, "percent_statements_covered": 100.0, "percent_statements_covered_display": "100"}, "missing_lines": [], "excluded_lines": [], "start_line": 698}, "Upload.Execute": {"executed_lines": [710, 712, 730, 731, 732, 739, 740, 741, 743, 747, 749, 750, 751, 752, 755, 758, 764, 765, 766, 769, 770, 771, 773, 774, 775, 777, 778, 780], "summary": {"covered_lines": 28, "num_statements": 28, "percent_covered": 100.0, "percent_covered_display": "100", "missing_lines": 0, "excluded_lines": 0, "percent_statements_covered": 100.0, "percent_statements_covered_display": "100"}, "missing_lines": [], "excluded_lines": [], "start_line": 709}, "Upload.Execute._ProcessResults": {"executed_lines": [713, 714, 715, 716, 717, 718, 726, 727, 728], "summary": {"covered_lines": 9, "num_statements": 9, "percent_covered": 100.0, "percent_covered_display": "100", "missing_lines": 0, "excluded_lines": 0, "percent_statements_covered": 100.0, "percent_statements_covered_display": "100"}, "missing_lines": [], "excluded_lines": [], "start_line": 712}, "": {"executed_lines": [15, 16, 17, 18, 19, 20, 22, 23, 24, 25, 26, 27, 28, 29, 30, 31, 32, 33, 36, 37, 40, 44, 85, 91, 98, 99, 100, 101, 104, 205, 207, 372, 424, 500, 519, 531, 629, 677, 697, 698, 709], "summary": {"covered_lines": 41, "num_statements": 41, "percent_covered": 100.0, "percent_covered_display": "100", "missing_lines": 0, "excluded_lines": 0, "percent_statements_covered": 100.0, "percent_statements_covered_display": "100"}, "missing_lines": [], "excluded_lines": [], "start_line": 1}}, "classes": {"UploadExitError": {"executed_lines": [], "summary": {"covered_lines": 0, "num_statements": 0, "percent_covered": 100.0, "percent_covered_display": "100", "missing_lines": 0, "excluded_lines": 0, "percent_statements_covered": 100.0, "percent_statements_covered_display": "100"}, "missing_lines": [], "excluded_lines": [], "start_line": 40}, "Upload": {"executed_lines": [208, 215, 219, 227, 233, 241, 247, 255, 261, 269, 275, 282, 288, 296, 303, 310, 317, 326, 336, 344, 351, 357, 363, 370, 373, 374, 375, 377, 378, 380, 381, 383, 384, 385, 387, 388, 396, 405, 406, 408, 409, 410, 411, 413, 414, 415, 416, 419, 420, 422, 425, 426, 428, 429, 430, 431, 432, 433, 435, 436, 437, 438, 439, 440, 441, 443, 444, 445, 446, 456, 457, 458, 460, 461, 462, 464, 466, 467, 469, 470, 472, 473, 474, 475, 476, 477, 478, 479, 481, 482, 483, 484, 485, 486, 487, 488, 489, 490, 491, 492, 495, 496, 498, 506, 507, 509, 510, 511, 512, 514, 515, 516, 517, 520, 521, 522, 524, 525, 527, 528, 529, 533, 534, 538, 539, 540, 541, 542, 543, 545, 547, 548, 549, 550, 551, 552, 555, 556, 557, 558, 559, 560, 563, 564, 565, 566, 569, 570, 572, 573, 575, 577, 578, 580, 581, 582, 583, 584, 585, 590, 591, 596, 597, 598, 599, 602, 603, 604, 605, 606, 607, 608, 609, 611, 627, 630, 631, 632, 633, 634, 635, 636, 637, 638, 639, 640, 642, 643, 645, 646, 647, 648, 649, 651, 652, 661, 663, 664, 665, 674, 675, 678, 679, 685, 686, 687, 693, 694, 695, 700, 701, 702, 703, 704, 706, 707, 710, 712, 713, 714, 715, 716, 717, 718, 726, 727, 728, 730, 731, 732, 739, 740, 741, 743, 747, 749, 750, 751, 752, 755, 758, 764, 765, 766, 769, 770, 771, 773, 774, 775, 777, 778, 780], "summary": {"covered_lines": 253, "num_statements": 253, "percent_covered": 100.0, "percent_covered_display": "100", "missing_lines": 0, "excluded_lines": 0, "percent_statements_covered": 100.0, "percent_statements_covered_display": "100"}, "missing_lines": [], "excluded_lines": [], "start_line": 98}, "": {"executed_lines": [15, 16, 17, 18, 19, 20, 22, 23, 24, 25, 26, 27, 28, 29, 30, 31, 32, 33, 36, 37, 40, 44, 56, 57, 61, 62, 63, 64, 65, 68, 69, 70, 73, 74, 75, 77, 78, 79, 80, 82, 85, 86, 87, 88, 91, 92, 93, 94, 95, 98, 99, 100, 101, 104, 205, 207, 372, 424, 500, 519, 531, 629, 677, 697, 698, 709], "summary": {"covered_lines": 66, "num_statements": 66, "percent_covered": 100.0, "percent_covered_display": "100", "missing_lines": 0, "excluded_lines": 0, "percent_statements_covered": 100.0, "percent_statements_covered_display": "100"}, "missing_lines": [], "excluded_lines": [], "start_line": 1}}}, "src/kanon_cli/repo/version_constraints.py": {"executed_lines": [37, 39, 42, 59, 62, 88, 89, 90, 91], "summary": {"covered_lines": 9, "num_statements": 9, "percent_covered": 100.0, "percent_covered_display": "100", "missing_lines": 0, "excluded_lines": 0, "percent_statements_covered": 100.0, "percent_statements_covered_display": "100"}, "missing_lines": [], "excluded_lines": [], "functions": {"is_version_constraint": {"executed_lines": [59], "summary": {"covered_lines": 1, "num_statements": 1, "percent_covered": 100.0, "percent_covered_display": "100", "missing_lines": 0, "excluded_lines": 0, "percent_statements_covered": 100.0, "percent_statements_covered_display": "100"}, "missing_lines": [], "excluded_lines": [], "start_line": 42}, "resolve_version_constraint": {"executed_lines": [88, 89, 90, 91], "summary": {"covered_lines": 4, "num_statements": 4, "percent_covered": 100.0, "percent_covered_display": "100", "missing_lines": 0, "excluded_lines": 0, "percent_statements_covered": 100.0, "percent_statements_covered_display": "100"}, "missing_lines": [], "excluded_lines": [], "start_line": 62}, "": {"executed_lines": [37, 39, 42, 62], "summary": {"covered_lines": 4, "num_statements": 4, "percent_covered": 100.0, "percent_covered_display": "100", "missing_lines": 0, "excluded_lines": 0, "percent_statements_covered": 100.0, "percent_statements_covered_display": "100"}, "missing_lines": [], "excluded_lines": [], "start_line": 1}}, "classes": {"": {"executed_lines": [37, 39, 42, 59, 62, 88, 89, 90, 91], "summary": {"covered_lines": 9, "num_statements": 9, "percent_covered": 100.0, "percent_covered_display": "100", "missing_lines": 0, "excluded_lines": 0, "percent_statements_covered": 100.0, "percent_statements_covered_display": "100"}, "missing_lines": [], "excluded_lines": [], "start_line": 1}}}, "src/kanon_cli/repo/wrapper.py": {"executed_lines": [15, 16, 17, 18, 21, 22, 25, 26, 29, 30, 31, 32, 33, 34, 35, 36], "summary": {"covered_lines": 16, "num_statements": 16, "percent_covered": 100.0, "percent_covered_display": "100", "missing_lines": 0, "excluded_lines": 0, "percent_statements_covered": 100.0, "percent_statements_covered_display": "100"}, "missing_lines": [], "excluded_lines": [], "functions": {"WrapperDir": {"executed_lines": [22], "summary": {"covered_lines": 1, "num_statements": 1, "percent_covered": 100.0, "percent_covered_display": "100", "missing_lines": 0, "excluded_lines": 0, "percent_statements_covered": 100.0, "percent_statements_covered_display": "100"}, "missing_lines": [], "excluded_lines": [], "start_line": 21}, "WrapperPath": {"executed_lines": [26], "summary": {"covered_lines": 1, "num_statements": 1, "percent_covered": 100.0, "percent_covered_display": "100", "missing_lines": 0, "excluded_lines": 0, "percent_statements_covered": 100.0, "percent_statements_covered_display": "100"}, "missing_lines": [], "excluded_lines": [], "start_line": 25}, "Wrapper": {"executed_lines": [31, 32, 33, 34, 35, 36], "summary": {"covered_lines": 6, "num_statements": 6, "percent_covered": 100.0, "percent_covered_display": "100", "missing_lines": 0, "excluded_lines": 0, "percent_statements_covered": 100.0, "percent_statements_covered_display": "100"}, "missing_lines": [], "excluded_lines": [], "start_line": 30}, "": {"executed_lines": [15, 16, 17, 18, 21, 25, 29, 30], "summary": {"covered_lines": 8, "num_statements": 8, "percent_covered": 100.0, "percent_covered_display": "100", "missing_lines": 0, "excluded_lines": 0, "percent_statements_covered": 100.0, "percent_statements_covered_display": "100"}, "missing_lines": [], "excluded_lines": [], "start_line": 1}}, "classes": {"": {"executed_lines": [15, 16, 17, 18, 21, 22, 25, 26, 29, 30, 31, 32, 33, 34, 35, 36], "summary": {"covered_lines": 16, "num_statements": 16, "percent_covered": 100.0, "percent_covered_display": "100", "missing_lines": 0, "excluded_lines": 0, "percent_statements_covered": 100.0, "percent_statements_covered_display": "100"}, "missing_lines": [], "excluded_lines": [], "start_line": 1}}}, "src/kanon_cli/version.py": {"executed_lines": [15, 16, 18, 19, 21, 24, 36, 38, 39, 41, 42, 43, 46, 50, 53, 79, 80, 82, 83, 84, 85, 87, 88, 89, 90, 91, 94, 121, 122, 125, 126, 127, 128, 130, 131, 132, 134, 135, 138, 139, 140, 141, 142, 143, 144, 146, 147, 150, 151, 157, 158, 159, 160, 162, 163, 164, 165, 167, 169, 170, 176, 179, 194, 195, 207, 208, 212, 214, 215, 216, 218, 219, 221, 222, 223, 224], "summary": {"covered_lines": 76, "num_statements": 83, "percent_covered": 91.56626506024097, "percent_covered_display": "92", "missing_lines": 7, "excluded_lines": 0, "percent_statements_covered": 91.56626506024097, "percent_statements_covered_display": "92"}, "missing_lines": [47, 48, 201, 202, 206, 217, 220], "excluded_lines": [], "functions": {"is_version_constraint": {"executed_lines": [36, 38, 39, 41, 42, 43, 46, 50], "summary": {"covered_lines": 8, "num_statements": 10, "percent_covered": 80.0, "percent_covered_display": "80", "missing_lines": 2, "excluded_lines": 0, "percent_statements_covered": 80.0, "percent_statements_covered_display": "80"}, "missing_lines": [47, 48], "excluded_lines": [], "start_line": 24}, "resolve_version": {"executed_lines": [79, 80, 82, 83, 84, 85, 87, 88, 89, 90, 91], "summary": {"covered_lines": 11, "num_statements": 11, "percent_covered": 100.0, "percent_covered_display": "100", "missing_lines": 0, "excluded_lines": 0, "percent_statements_covered": 100.0, "percent_statements_covered_display": "100"}, "missing_lines": [], "excluded_lines": [], "start_line": 53}, "_resolve_constraint_from_tags": {"executed_lines": [121, 122, 125, 126, 127, 128, 130, 131, 132, 134, 135, 138, 139, 140, 141, 142, 143, 144, 146, 147, 150, 151, 157, 158, 159, 160, 162, 163, 164, 165, 167, 169, 170, 176], "summary": {"covered_lines": 34, "num_statements": 34, "percent_covered": 100.0, "percent_covered_display": "100", "missing_lines": 0, "excluded_lines": 0, "percent_statements_covered": 100.0, "percent_statements_covered_display": "100"}, "missing_lines": [], "excluded_lines": [], "start_line": 94}, "_list_tags": {"executed_lines": [194, 195, 207, 208, 212, 214, 215, 216, 218, 219, 221, 222, 223, 224], "summary": {"covered_lines": 14, "num_statements": 19, "percent_covered": 73.6842105263158, "percent_covered_display": "74", "missing_lines": 5, "excluded_lines": 0, "percent_statements_covered": 73.6842105263158, "percent_statements_covered_display": "74"}, "missing_lines": [201, 202, 206, 217, 220], "excluded_lines": [], "start_line": 179}, "": {"executed_lines": [15, 16, 18, 19, 21, 24, 53, 94, 179], "summary": {"covered_lines": 9, "num_statements": 9, "percent_covered": 100.0, "percent_covered_display": "100", "missing_lines": 0, "excluded_lines": 0, "percent_statements_covered": 100.0, "percent_statements_covered_display": "100"}, "missing_lines": [], "excluded_lines": [], "start_line": 1}}, "classes": {"": {"executed_lines": [15, 16, 18, 19, 21, 24, 36, 38, 39, 41, 42, 43, 46, 50, 53, 79, 80, 82, 83, 84, 85, 87, 88, 89, 90, 91, 94, 121, 122, 125, 126, 127, 128, 130, 131, 132, 134, 135, 138, 139, 140, 141, 142, 143, 144, 146, 147, 150, 151, 157, 158, 159, 160, 162, 163, 164, 165, 167, 169, 170, 176, 179, 194, 195, 207, 208, 212, 214, 215, 216, 218, 219, 221, 222, 223, 224], "summary": {"covered_lines": 76, "num_statements": 83, "percent_covered": 91.56626506024097, "percent_covered_display": "92", "missing_lines": 7, "excluded_lines": 0, "percent_statements_covered": 91.56626506024097, "percent_statements_covered_display": "92"}, "missing_lines": [47, 48, 201, 202, 206, 217, 220], "excluded_lines": [], "start_line": 1}}}}, "totals": {"covered_lines": 10947, "num_statements": 11810, "percent_covered": 92.692633361558, "percent_covered_display": "93", "missing_lines": 863, "excluded_lines": 1, "percent_statements_covered": 92.692633361558, "percent_statements_covered_display": "93"}}