{"meta": {"format": 3, "version": "7.13.5", "timestamp": "2026-04-18T23:56:47.410018", "branch_coverage": false, "show_contexts": false}, "files": {"src/kanon_cli/core/install.py": {"executed_lines": [9, 10, 11, 13, 14, 15, 16, 17, 20, 41, 70, 93, 112, 160, 174, 175, 177, 178, 179, 181, 182, 184, 185, 186, 187, 188, 189, 192, 209, 239], "summary": {"covered_lines": 30, "num_statements": 131, "percent_covered": 22.900763358778626, "percent_covered_display": "23", "missing_lines": 101, "excluded_lines": 0, "percent_statements_covered": 22.900763358778626, "percent_statements_covered_display": "23"}, "missing_lines": [33, 34, 35, 36, 37, 38, 60, 61, 62, 63, 67, 83, 84, 85, 86, 90, 102, 103, 104, 105, 109, 132, 133, 135, 137, 138, 139, 140, 141, 142, 143, 144, 150, 151, 152, 153, 154, 155, 157, 201, 202, 203, 204, 206, 219, 220, 221, 224, 225, 226, 228, 229, 230, 231, 232, 233, 234, 235, 236, 256, 257, 258, 259, 260, 261, 262, 264, 266, 267, 271, 273, 274, 275, 276, 278, 280, 281, 282, 283, 284, 286, 288, 289, 290, 291, 292, 293, 294, 301, 302, 303, 304, 306, 307, 308, 310, 312, 313, 314, 315, 317], "excluded_lines": [], "functions": {"create_source_dirs": {"executed_lines": [], "summary": {"covered_lines": 0, "num_statements": 6, "percent_covered": 0.0, "percent_covered_display": "0", "missing_lines": 6, "excluded_lines": 0, "percent_statements_covered": 0.0, "percent_statements_covered_display": "0"}, "missing_lines": [33, 34, 35, 36, 37, 38], "excluded_lines": [], "start_line": 20}, "run_repo_init": {"executed_lines": [], "summary": {"covered_lines": 0, "num_statements": 5, "percent_covered": 0.0, "percent_covered_display": "0", "missing_lines": 5, "excluded_lines": 0, "percent_statements_covered": 0.0, "percent_statements_covered_display": "0"}, "missing_lines": [60, 61, 62, 63, 67], "excluded_lines": [], "start_line": 41}, "run_repo_envsubst": {"executed_lines": [], "summary": {"covered_lines": 0, "num_statements": 5, "percent_covered": 0.0, "percent_covered_display": "0", "missing_lines": 5, "excluded_lines": 0, "percent_statements_covered": 0.0, "percent_statements_covered_display": "0"}, "missing_lines": [83, 84, 85, 86, 90], "excluded_lines": [], "start_line": 70}, "run_repo_sync": {"executed_lines": [], "summary": {"covered_lines": 0, "num_statements": 5, "percent_covered": 0.0, "percent_covered_display": "0", "missing_lines": 5, "excluded_lines": 0, "percent_statements_covered": 0.0, "percent_statements_covered_display": "0"}, "missing_lines": [102, 103, 104, 105, 109], "excluded_lines": [], "start_line": 93}, "aggregate_symlinks": {"executed_lines": [], "summary": {"covered_lines": 0, "num_statements": 18, "percent_covered": 0.0, "percent_covered_display": "0", "missing_lines": 18, "excluded_lines": 0, "percent_statements_covered": 0.0, "percent_statements_covered_display": "0"}, "missing_lines": [132, 133, 135, 137, 138, 139, 140, 141, 142, 143, 144, 150, 151, 152, 153, 154, 155, 157], "excluded_lines": [], "start_line": 112}, "update_gitignore": {"executed_lines": [174, 175, 177, 178, 179, 181, 182, 184, 185, 186, 187, 188, 189], "summary": {"covered_lines": 13, "num_statements": 13, "percent_covered": 100.0, "percent_covered_display": "100", "missing_lines": 0, "excluded_lines": 0, "percent_statements_covered": 100.0, "percent_statements_covered_display": "100"}, "missing_lines": [], "excluded_lines": [], "start_line": 160}, "prepare_marketplace_dir": {"executed_lines": [], "summary": {"covered_lines": 0, "num_statements": 5, "percent_covered": 0.0, "percent_covered_display": "0", "missing_lines": 5, "excluded_lines": 0, "percent_statements_covered": 0.0, "percent_statements_covered_display": "0"}, "missing_lines": [201, 202, 203, 204, 206], "excluded_lines": [], "start_line": 192}, "_print_package_summary": {"executed_lines": [], "summary": {"covered_lines": 0, "num_statements": 15, "percent_covered": 0.0, "percent_covered_display": "0", "missing_lines": 15, "excluded_lines": 0, "percent_statements_covered": 0.0, "percent_statements_covered_display": "0"}, "missing_lines": [219, 220, 221, 224, 225, 226, 228, 229, 230, 231, 232, 233, 234, 235, 236], "excluded_lines": [], "start_line": 209}, "install": {"executed_lines": [], "summary": {"covered_lines": 0, "num_statements": 42, "percent_covered": 0.0, "percent_covered_display": "0", "missing_lines": 42, "excluded_lines": 0, "percent_statements_covered": 0.0, "percent_statements_covered_display": "0"}, "missing_lines": [256, 257, 258, 259, 260, 261, 262, 264, 266, 267, 271, 273, 274, 275, 276, 278, 280, 281, 282, 283, 284, 286, 288, 289, 290, 291, 292, 293, 294, 301, 302, 303, 304, 306, 307, 308, 310, 312, 313, 314, 315, 317], "excluded_lines": [], "start_line": 239}, "": {"executed_lines": [9, 10, 11, 13, 14, 15, 16, 17, 20, 41, 70, 93, 112, 160, 192, 209, 239], "summary": {"covered_lines": 17, "num_statements": 17, "percent_covered": 100.0, "percent_covered_display": "100", "missing_lines": 0, "excluded_lines": 0, "percent_statements_covered": 100.0, "percent_statements_covered_display": "100"}, "missing_lines": [], "excluded_lines": [], "start_line": 1}}, "classes": {"": {"executed_lines": [9, 10, 11, 13, 14, 15, 16, 17, 20, 41, 70, 93, 112, 160, 174, 175, 177, 178, 179, 181, 182, 184, 185, 186, 187, 188, 189, 192, 209, 239], "summary": {"covered_lines": 30, "num_statements": 131, "percent_covered": 22.900763358778626, "percent_covered_display": "23", "missing_lines": 101, "excluded_lines": 0, "percent_statements_covered": 22.900763358778626, "percent_statements_covered_display": "23"}, "missing_lines": [33, 34, 35, 36, 37, 38, 60, 61, 62, 63, 67, 83, 84, 85, 86, 90, 102, 103, 104, 105, 109, 132, 133, 135, 137, 138, 139, 140, 141, 142, 143, 144, 150, 151, 152, 153, 154, 155, 157, 201, 202, 203, 204, 206, 219, 220, 221, 224, 225, 226, 228, 229, 230, 231, 232, 233, 234, 235, 236, 256, 257, 258, 259, 260, 261, 262, 264, 266, 267, 271, 273, 274, 275, 276, 278, 280, 281, 282, 283, 284, 286, 288, 289, 290, 291, 292, 293, 294, 301, 302, 303, 304, 306, 307, 308, 310, 312, 313, 314, 315, 317], "excluded_lines": [], "start_line": 1}}}}, "totals": {"covered_lines": 30, "num_statements": 131, "percent_covered": 22.900763358778626, "percent_covered_display": "23", "missing_lines": 101, "excluded_lines": 0, "percent_statements_covered": 22.900763358778626, "percent_statements_covered_display": "23"}}